<?xml version="1.0" encoding="UTF-8"?>
<testsuite xmlns:xsi="http://www.w3.org/2001/XMLSchema-instance" xsi:noNamespaceSchemaLocation="https://maven.apache.org/surefire/maven-surefire-plugin/xsd/surefire-test-report.xsd" name="com.pue.customer.CustomerApplicationTests" time="65.131" tests="1" errors="1" skipped="0" failures="0">
  <properties>
[...]
</properties>
  <testcase name="contextLoads" classname="com.pue.customer.CustomerApplicationTests" time="0.01">
    <error message="Failed to load ApplicationContext" type="java.lang.IllegalStateException">java.lang.IllegalStateException: Failed to load ApplicationContext
Caused by: java.lang.IllegalStateException: Failed to execute CommandLineRunner
Caused by: org.springframework.dao.DataAccessResourceFailureException: Timed out after 30000 ms while waiting to connect. Client view of cluster state is {type=UNKNOWN, servers=[{address=localhost:27017, type=UNKNOWN, state=CONNECTING, exception={com.mongodb.MongoSocketOpenException: Exception opening socket}, caused by {java.net.ConnectException: Connection refused (Connection refused)}}]; nested exception is com.mongodb.MongoTimeoutException: Timed out after 30000 ms while waiting to connect. Client view of cluster state is {type=UNKNOWN, servers=[{address=localhost:27017, type=UNKNOWN, state=CONNECTING, exception={com.mongodb.MongoSocketOpenException: Exception opening socket}, caused by {java.net.ConnectException: Connection refused (Connection refused)}}]
Caused by: com.mongodb.MongoTimeoutException: Timed out after 30000 ms while waiting to connect. Client view of cluster state is {type=UNKNOWN, servers=[{address=localhost:27017, type=UNKNOWN, state=CONNECTING, exception={com.mongodb.MongoSocketOpenException: Exception opening socket}, caused by {java.net.ConnectException: Connection refused (Connection refused)}}]
</error>
    <system-out><![CDATA[22:28:19.576 [main] DEBUG org.springframework.test.context.junit4.SpringJUnit4ClassRunner - SpringJUnit4ClassRunner constructor called with [class com.pue.customer.CustomerApplicationTests]
22:28:19.591 [main] DEBUG org.springframework.test.context.BootstrapUtils - Instantiating CacheAwareContextLoaderDelegate from class [org.springframework.test.context.cache.DefaultCacheAwareContextLoaderDelegate]
22:28:19.603 [main] DEBUG org.springframework.test.context.BootstrapUtils - Instantiating BootstrapContext using constructor [public org.springframework.test.context.support.DefaultBootstrapContext(java.lang.Class,org.springframework.test.context.CacheAwareContextLoaderDelegate)]
22:28:19.651 [main] DEBUG org.springframework.test.context.BootstrapUtils - Instantiating TestContextBootstrapper for test class [com.pue.customer.CustomerApplicationTests] from class [org.springframework.boot.test.context.SpringBootTestContextBootstrapper]
22:28:19.665 [main] INFO org.springframework.boot.test.context.SpringBootTestContextBootstrapper - Neither @ContextConfiguration nor @ContextHierarchy found for test class [com.pue.customer.CustomerApplicationTests], using SpringBootContextLoader
22:28:19.671 [main] DEBUG org.springframework.test.context.support.AbstractContextLoader - Did not detect default resource location for test class [com.pue.customer.CustomerApplicationTests]: class path resource [com/pue/customer/CustomerApplicationTests-context.xml] does not exist
22:28:19.674 [main] DEBUG org.springframework.test.context.support.AbstractContextLoader - Did not detect default resource location for test class [com.pue.customer.CustomerApplicationTests]: class path resource [com/pue/customer/CustomerApplicationTestsContext.groovy] does not exist
22:28:19.674 [main] INFO org.springframework.test.context.support.AbstractContextLoader - Could not detect default resource locations for test class [com.pue.customer.CustomerApplicationTests]: no resource found for suffixes {-context.xml, Context.groovy}.
22:28:19.675 [main] INFO org.springframework.test.context.support.AnnotationConfigContextLoaderUtils - Could not detect default configuration classes for test class [com.pue.customer.CustomerApplicationTests]: CustomerApplicationTests does not declare any static, non-private, non-final, nested classes annotated with @Configuration.
22:28:19.714 [main] DEBUG org.springframework.test.context.support.ActiveProfilesUtils - Could not find an 'annotation declaring class' for annotation type [org.springframework.test.context.ActiveProfiles] and class [com.pue.customer.CustomerApplicationTests]
22:28:19.724 [main] DEBUG org.springframework.core.env.StandardEnvironment - Adding PropertySource 'systemProperties' with lowest search precedence
22:28:19.725 [main] DEBUG org.springframework.core.env.StandardEnvironment - Adding PropertySource 'systemEnvironment' with lowest search precedence
22:28:19.726 [main] DEBUG org.springframework.core.env.StandardEnvironment - Initialized StandardEnvironment with PropertySources [MapPropertySource@1912960603 {name='systemProperties', properties={sun.desktop=gnome, awt.toolkit=sun.awt.X11.XToolkit, java.specification.version=9, file.encoding.pkg=sun.io, sun.cpu.isalist=, sun.jnu.encoding=UTF-8, java.class.path=/home/lidi/Dev_Lidiane/customer/target/test-classes:/home/lidi/Dev_Lidiane/customer/target/classes:/home/lidi/.m2/repository/org/springframework/boot/spring-boot-starter-data-mongodb/2.0.1.RELEASE/spring-boot-starter-data-mongodb-2.0.1.RELEASE.jar:/home/lidi/.m2/repository/org/springframework/boot/spring-boot-starter/2.0.1.RELEASE/spring-boot-starter-2.0.1.RELEASE.jar:/home/lidi/.m2/repository/org/springframework/boot/spring-boot/2.0.1.RELEASE/spring-boot-2.0.1.RELEASE.jar:/home/lidi/.m2/repository/org/springframework/boot/spring-boot-autoconfigure/2.0.1.RELEASE/spring-boot-autoconfigure-2.0.1.RELEASE.jar:/home/lidi/.m2/repository/org/springframework/boot/spring-boot-starter-logging/2.0.1.RELEASE/spring-boot-starter-logging-2.0.1.RELEASE.jar:/home/lidi/.m2/repository/ch/qos/logback/logback-classic/1.2.3/logback-classic-1.2.3.jar:/home/lidi/.m2/repository/ch/qos/logback/logback-core/1.2.3/logback-core-1.2.3.jar:/home/lidi/.m2/repository/org/apache/logging/log4j/log4j-to-slf4j/2.10.0/log4j-to-slf4j-2.10.0.jar:/home/lidi/.m2/repository/org/apache/logging/log4j/log4j-api/2.10.0/log4j-api-2.10.0.jar:/home/lidi/.m2/repository/org/slf4j/jul-to-slf4j/1.7.25/jul-to-slf4j-1.7.25.jar:/home/lidi/.m2/repository/javax/annotation/javax.annotation-api/1.3.2/javax.annotation-api-1.3.2.jar:/home/lidi/.m2/repository/org/yaml/snakeyaml/1.19/snakeyaml-1.19.jar:/home/lidi/.m2/repository/org/mongodb/mongodb-driver/3.6.3/mongodb-driver-3.6.3.jar:/home/lidi/.m2/repository/org/mongodb/bson/3.6.3/bson-3.6.3.jar:/home/lidi/.m2/repository/org/mongodb/mongodb-driver-core/3.6.3/mongodb-driver-core-3.6.3.jar:/home/lidi/.m2/repository/org/springframework/data/spring-data-mongodb/2.0.6.RELEASE/spring-data-mongodb-2.0.6.RELEASE.jar:/home/lidi/.m2/repository/org/springframework/spring-tx/5.0.5.RELEASE/spring-tx-5.0.5.RELEASE.jar:/home/lidi/.m2/repository/org/springframework/spring-context/5.0.5.RELEASE/spring-context-5.0.5.RELEASE.jar:/home/lidi/.m2/repository/org/springframework/spring-aop/5.0.5.RELEASE/spring-aop-5.0.5.RELEASE.jar:/home/lidi/.m2/repository/org/springframework/spring-beans/5.0.5.RELEASE/spring-beans-5.0.5.RELEASE.jar:/home/lidi/.m2/repository/org/springframework/spring-expression/5.0.5.RELEASE/spring-expression-5.0.5.RELEASE.jar:/home/lidi/.m2/repository/org/springframework/data/spring-data-commons/2.0.6.RELEASE/spring-data-commons-2.0.6.RELEASE.jar:/home/lidi/.m2/repository/org/slf4j/slf4j-api/1.7.25/slf4j-api-1.7.25.jar:/home/lidi/.m2/repository/org/springframework/boot/spring-boot-starter-test/2.0.1.RELEASE/spring-boot-starter-test-2.0.1.RELEASE.jar:/home/lidi/.m2/repository/org/springframework/boot/spring-boot-test/2.0.1.RELEASE/spring-boot-test-2.0.1.RELEASE.jar:/home/lidi/.m2/repository/org/springframework/boot/spring-boot-test-autoconfigure/2.0.1.RELEASE/spring-boot-test-autoconfigure-2.0.1.RELEASE.jar:/home/lidi/.m2/repository/com/jayway/jsonpath/json-path/2.4.0/json-path-2.4.0.jar:/home/lidi/.m2/repository/net/minidev/json-smart/2.3/json-smart-2.3.jar:/home/lidi/.m2/repository/net/minidev/accessors-smart/1.2/accessors-smart-1.2.jar:/home/lidi/.m2/repository/org/ow2/asm/asm/5.0.4/asm-5.0.4.jar:/home/lidi/.m2/repository/junit/junit/4.12/junit-4.12.jar:/home/lidi/.m2/repository/org/assertj/assertj-core/3.9.1/assertj-core-3.9.1.jar:/home/lidi/.m2/repository/org/mockito/mockito-core/2.15.0/mockito-core-2.15.0.jar:/home/lidi/.m2/repository/net/bytebuddy/byte-buddy/1.7.11/byte-buddy-1.7.11.jar:/home/lidi/.m2/repository/net/bytebuddy/byte-buddy-agent/1.7.11/byte-buddy-agent-1.7.11.jar:/home/lidi/.m2/repository/org/objenesis/objenesis/2.6/objenesis-2.6.jar:/home/lidi/.m2/repository/org/hamcrest/hamcrest-core/1.3/hamcrest-core-1.3.jar:/home/lidi/.m2/repository/org/hamcrest/hamcrest-library/1.3/hamcrest-library-1.3.jar:/home/lidi/.m2/repository/org/skyscreamer/jsonassert/1.5.0/jsonassert-1.5.0.jar:/home/lidi/.m2/repository/com/vaadin/external/google/android-json/0.0.20131108.vaadin1/android-json-0.0.20131108.vaadin1.jar:/home/lidi/.m2/repository/org/springframework/spring-core/5.0.5.RELEASE/spring-core-5.0.5.RELEASE.jar:/home/lidi/.m2/repository/org/springframework/spring-jcl/5.0.5.RELEASE/spring-jcl-5.0.5.RELEASE.jar:/home/lidi/.m2/repository/org/springframework/spring-test/5.0.5.RELEASE/spring-test-5.0.5.RELEASE.jar:/home/lidi/.m2/repository/org/xmlunit/xmlunit-core/2.5.1/xmlunit-core-2.5.1.jar:, java.vm.vendor=Oracle Corporation, sun.arch.data.model=64, java.vendor.url=http://java.oracle.com/, user.timezone=Europe/Madrid, os.name=Linux, java.vm.specification.version=9, sun.java.launcher=SUN_STANDARD, user.country=US, sun.boot.library.path=/opt/jdk-9/lib, sun.java.command=/home/lidi/Dev_Lidiane/customer/target/surefire/surefirebooter10060763395950392044.jar /home/lidi/Dev_Lidiane/customer/target/surefire 2018-04-11T22-28-16_575-jvmRun1 surefire12148296886428898171tmp surefire_03275288833838231585tmp, jdk.debug=release, surefire.test.class.path=/home/lidi/Dev_Lidiane/customer/target/test-classes:/home/lidi/Dev_Lidiane/customer/target/classes:/home/lidi/.m2/repository/org/springframework/boot/spring-boot-starter-data-mongodb/2.0.1.RELEASE/spring-boot-starter-data-mongodb-2.0.1.RELEASE.jar:/home/lidi/.m2/repository/org/springframework/boot/spring-boot-starter/2.0.1.RELEASE/spring-boot-starter-2.0.1.RELEASE.jar:/home/lidi/.m2/repository/org/springframework/boot/spring-boot/2.0.1.RELEASE/spring-boot-2.0.1.RELEASE.jar:/home/lidi/.m2/repository/org/springframework/boot/spring-boot-autoconfigure/2.0.1.RELEASE/spring-boot-autoconfigure-2.0.1.RELEASE.jar:/home/lidi/.m2/repository/org/springframework/boot/spring-boot-starter-logging/2.0.1.RELEASE/spring-boot-starter-logging-2.0.1.RELEASE.jar:/home/lidi/.m2/repository/ch/qos/logback/logback-classic/1.2.3/logback-classic-1.2.3.jar:/home/lidi/.m2/repository/ch/qos/logback/logback-core/1.2.3/logback-core-1.2.3.jar:/home/lidi/.m2/repository/org/apache/logging/log4j/log4j-to-slf4j/2.10.0/log4j-to-slf4j-2.10.0.jar:/home/lidi/.m2/repository/org/apache/logging/log4j/log4j-api/2.10.0/log4j-api-2.10.0.jar:/home/lidi/.m2/repository/org/slf4j/jul-to-slf4j/1.7.25/jul-to-slf4j-1.7.25.jar:/home/lidi/.m2/repository/javax/annotation/javax.annotation-api/1.3.2/javax.annotation-api-1.3.2.jar:/home/lidi/.m2/repository/org/yaml/snakeyaml/1.19/snakeyaml-1.19.jar:/home/lidi/.m2/repository/org/mongodb/mongodb-driver/3.6.3/mongodb-driver-3.6.3.jar:/home/lidi/.m2/repository/org/mongodb/bson/3.6.3/bson-3.6.3.jar:/home/lidi/.m2/repository/org/mongodb/mongodb-driver-core/3.6.3/mongodb-driver-core-3.6.3.jar:/home/lidi/.m2/repository/org/springframework/data/spring-data-mongodb/2.0.6.RELEASE/spring-data-mongodb-2.0.6.RELEASE.jar:/home/lidi/.m2/repository/org/springframework/spring-tx/5.0.5.RELEASE/spring-tx-5.0.5.RELEASE.jar:/home/lidi/.m2/repository/org/springframework/spring-context/5.0.5.RELEASE/spring-context-5.0.5.RELEASE.jar:/home/lidi/.m2/repository/org/springframework/spring-aop/5.0.5.RELEASE/spring-aop-5.0.5.RELEASE.jar:/home/lidi/.m2/repository/org/springframework/spring-beans/5.0.5.RELEASE/spring-beans-5.0.5.RELEASE.jar:/home/lidi/.m2/repository/org/springframework/spring-expression/5.0.5.RELEASE/spring-expression-5.0.5.RELEASE.jar:/home/lidi/.m2/repository/org/springframework/data/spring-data-commons/2.0.6.RELEASE/spring-data-commons-2.0.6.RELEASE.jar:/home/lidi/.m2/repository/org/slf4j/slf4j-api/1.7.25/slf4j-api-1.7.25.jar:/home/lidi/.m2/repository/org/springframework/boot/spring-boot-starter-test/2.0.1.RELEASE/spring-boot-starter-test-2.0.1.RELEASE.jar:/home/lidi/.m2/repository/org/springframework/boot/spring-boot-test/2.0.1.RELEASE/spring-boot-test-2.0.1.RELEASE.jar:/home/lidi/.m2/repository/org/springframework/boot/spring-boot-test-autoconfigure/2.0.1.RELEASE/spring-boot-test-autoconfigure-2.0.1.RELEASE.jar:/home/lidi/.m2/repository/com/jayway/jsonpath/json-path/2.4.0/json-path-2.4.0.jar:/home/lidi/.m2/repository/net/minidev/json-smart/2.3/json-smart-2.3.jar:/home/lidi/.m2/repository/net/minidev/accessors-smart/1.2/accessors-smart-1.2.jar:/home/lidi/.m2/repository/org/ow2/asm/asm/5.0.4/asm-5.0.4.jar:/home/lidi/.m2/repository/junit/junit/4.12/junit-4.12.jar:/home/lidi/.m2/repository/org/assertj/assertj-core/3.9.1/assertj-core-3.9.1.jar:/home/lidi/.m2/repository/org/mockito/mockito-core/2.15.0/mockito-core-2.15.0.jar:/home/lidi/.m2/repository/net/bytebuddy/byte-buddy/1.7.11/byte-buddy-1.7.11.jar:/home/lidi/.m2/repository/net/bytebuddy/byte-buddy-agent/1.7.11/byte-buddy-agent-1.7.11.jar:/home/lidi/.m2/repository/org/objenesis/objenesis/2.6/objenesis-2.6.jar:/home/lidi/.m2/repository/org/hamcrest/hamcrest-core/1.3/hamcrest-core-1.3.jar:/home/lidi/.m2/repository/org/hamcrest/hamcrest-library/1.3/hamcrest-library-1.3.jar:/home/lidi/.m2/repository/org/skyscreamer/jsonassert/1.5.0/jsonassert-1.5.0.jar:/home/lidi/.m2/repository/com/vaadin/external/google/android-json/0.0.20131108.vaadin1/android-json-0.0.20131108.vaadin1.jar:/home/lidi/.m2/repository/org/springframework/spring-core/5.0.5.RELEASE/spring-core-5.0.5.RELEASE.jar:/home/lidi/.m2/repository/org/springframework/spring-jcl/5.0.5.RELEASE/spring-jcl-5.0.5.RELEASE.jar:/home/lidi/.m2/repository/org/springframework/spring-test/5.0.5.RELEASE/spring-test-5.0.5.RELEASE.jar:/home/lidi/.m2/repository/org/xmlunit/xmlunit-core/2.5.1/xmlunit-core-2.5.1.jar:, sun.cpu.endian=little, user.home=/home/lidi, user.language=en, java.specification.vendor=Oracle Corporation, java.home=/opt/jdk-9, file.separator=/, basedir=/home/lidi/Dev_Lidiane/customer, java.vm.compressedOopsMode=32-bit, line.separator=
, java.vm.specification.vendor=Oracle Corporation, java.specification.name=Java Platform API Specification, java.awt.graphicsenv=sun.awt.X11GraphicsEnvironment, surefire.real.class.path=/home/lidi/Dev_Lidiane/customer/target/surefire/surefirebooter10060763395950392044.jar, sun.management.compiler=HotSpot 64-Bit Tiered Compilers, java.runtime.version=9+181, user.name=lidi, path.separator=:, os.version=4.9.0-3-amd64, java.runtime.name=Java(TM) SE Runtime Environment, file.encoding=UTF-8, java.vm.name=Java HotSpot(TM) 64-Bit Server VM, localRepository=/home/lidi/.m2/repository, java.vendor.url.bug=http://bugreport.java.com/bugreport/, java.io.tmpdir=/tmp, idea.version=2017.2.5, java.version=9, user.dir=/home/lidi/Dev_Lidiane/customer, os.arch=amd64, java.vm.specification.name=Java Virtual Machine Specification, java.awt.printerjob=sun.print.PSPrinterJob, sun.os.patch.level=unknown, java.library.path=/home/fernando/dev/idea-IC-172.4343.14/bin::/usr/java/packages/lib:/usr/lib64:/lib64:/lib:/usr/lib, java.vm.info=mixed mode, java.vendor=Oracle Corporation, java.vm.version=9+181, sun.io.unicode.encoding=UnicodeLittle, java.class.version=53.0}}, SystemEnvironmentPropertySource@1201173334 {name='systemEnvironment', properties={PATH=/usr/local/bin:/usr/bin:/bin:/usr/local/games:/usr/games, XAUTHORITY=/home/lidi/.Xauthority, XDG_DATA_DIRS=/usr/share/gnome:/usr/local/share/:/usr/share/, GDMSESSION=lightdm-xsession, JAVA_HOME=/usr/lib/jvm/java-8-openjdk-amd64/jre/bin/java, LANG=en_US.UTF-8, DBUS_SESSION_BUS_ADDRESS=unix:path=/run/user/1001/bus, XDG_SEAT_PATH=/org/freedesktop/DisplayManager/Seat0, XDG_SESSION_ID=2, XDG_SESSION_TYPE=x11, XDG_CURRENT_DESKTOP=X-Cinnamon, DISPLAY=:0, SSH_AGENT_PID=1308, LD_LIBRARY_PATH=/home/fernando/dev/idea-IC-172.4343.14/bin:, SESSION_MANAGER=local/debian:@/tmp/.ICE-unix/1273,unix/debian:/tmp/.ICE-unix/1273, QT_LINUX_ACCESSIBILITY_ALWAYS_ON=1, LOGNAME=lidi, PWD=/home/lidi/Dev_Lidiane/customer, CINNAMON_VERSION=3.2.7, LANGUAGE=en_US:en, GJS_DEBUG_TOPICS=JS ERROR;JS LOG, SHELL=/bin/bash, GDM_LANG=en_US.utf8, XDG_GREETER_DATA_DIR=/var/lib/lightdm/data/lidi, GIO_LAUNCHED_DESKTOP_FILE=/home/lidi/.local/share/applications/jetbrains-idea-ce.desktop, GPG_AGENT_INFO=/run/user/1001/gnupg/S.gpg-agent:0:1, DESKTOP_SESSION=lightdm-xsession, OLDPWD=/home/lidi/Dev_Lidiane/customer, USER=lidi, GIO_LAUNCHED_DESKTOP_FILE_PID=17443, QT_ACCESSIBILITY=1, GJS_DEBUG_OUTPUT=stderr, GNOME_DESKTOP_SESSION_ID=this-is-deprecated, SSH_AUTH_SOCK=/run/user/1001/keyring/ssh, GTK_MODULES=gail:atk-bridge, XDG_SEAT=seat0, GTK_OVERLAY_SCROLLING=0, XDG_SESSION_PATH=/org/freedesktop/DisplayManager/Session0, QT_QPA_PLATFORMTHEME=gtk2, XDG_VTNR=7, XDG_SESSION_DESKTOP=lightdm-xsession, XDG_RUNTIME_DIR=/run/user/1001, HOME=/home/lidi}}]
22:28:19.745 [main] DEBUG org.springframework.core.io.support.PathMatchingResourcePatternResolver - Resolved classpath location [com/pue/customer/] to resources [URL [file:/home/lidi/Dev_Lidiane/customer/target/test-classes/com/pue/customer/], URL [file:/home/lidi/Dev_Lidiane/customer/target/classes/com/pue/customer/]]
22:28:19.746 [main] DEBUG org.springframework.core.io.support.PathMatchingResourcePatternResolver - Looking for matching resources in directory tree [/home/lidi/Dev_Lidiane/customer/target/test-classes/com/pue/customer]
22:28:19.746 [main] DEBUG org.springframework.core.io.support.PathMatchingResourcePatternResolver - Searching directory [/home/lidi/Dev_Lidiane/customer/target/test-classes/com/pue/customer] for files matching pattern [/home/lidi/Dev_Lidiane/customer/target/test-classes/com/pue/customer/*.class]
22:28:19.750 [main] DEBUG org.springframework.core.io.support.PathMatchingResourcePatternResolver - Looking for matching resources in directory tree [/home/lidi/Dev_Lidiane/customer/target/classes/com/pue/customer]
22:28:19.751 [main] DEBUG org.springframework.core.io.support.PathMatchingResourcePatternResolver - Searching directory [/home/lidi/Dev_Lidiane/customer/target/classes/com/pue/customer] for files matching pattern [/home/lidi/Dev_Lidiane/customer/target/classes/com/pue/customer/*.class]
22:28:19.752 [main] DEBUG org.springframework.core.io.support.PathMatchingResourcePatternResolver - Resolved location pattern [classpath*:com/pue/customer/*.class] to resources [file [/home/lidi/Dev_Lidiane/customer/target/test-classes/com/pue/customer/CustomerApplicationTests.class], file [/home/lidi/Dev_Lidiane/customer/target/classes/com/pue/customer/CustomerApplication.class]]
22:28:19.809 [main] DEBUG org.springframework.context.annotation.ClassPathScanningCandidateComponentProvider - Identified candidate component class: file [/home/lidi/Dev_Lidiane/customer/target/classes/com/pue/customer/CustomerApplication.class]
22:28:19.813 [main] INFO org.springframework.boot.test.context.SpringBootTestContextBootstrapper - Found @SpringBootConfiguration com.pue.customer.CustomerApplication for test class com.pue.customer.CustomerApplicationTests
22:28:20.088 [main] DEBUG org.springframework.boot.test.context.SpringBootTestContextBootstrapper - @TestExecutionListeners is not present for class [com.pue.customer.CustomerApplicationTests]: using defaults.
22:28:20.089 [main] INFO org.springframework.boot.test.context.SpringBootTestContextBootstrapper - Loaded default TestExecutionListener class names from location [META-INF/spring.factories]: [org.springframework.boot.test.mock.mockito.MockitoTestExecutionListener, org.springframework.boot.test.mock.mockito.ResetMocksTestExecutionListener, org.springframework.boot.test.autoconfigure.restdocs.RestDocsTestExecutionListener, org.springframework.boot.test.autoconfigure.web.client.MockRestServiceServerResetTestExecutionListener, org.springframework.boot.test.autoconfigure.web.servlet.MockMvcPrintOnlyOnFailureTestExecutionListener, org.springframework.boot.test.autoconfigure.web.servlet.WebDriverTestExecutionListener, org.springframework.test.context.web.ServletTestExecutionListener, org.springframework.test.context.support.DirtiesContextBeforeModesTestExecutionListener, org.springframework.test.context.support.DependencyInjectionTestExecutionListener, org.springframework.test.context.support.DirtiesContextTestExecutionListener, org.springframework.test.context.transaction.TransactionalTestExecutionListener, org.springframework.test.context.jdbc.SqlScriptsTestExecutionListener]
22:28:20.110 [main] DEBUG org.springframework.boot.test.context.SpringBootTestContextBootstrapper - Skipping candidate TestExecutionListener [org.springframework.test.context.web.ServletTestExecutionListener] due to a missing dependency. Specify custom listener classes or make the default listener classes and their required dependencies available. Offending class: [javax/servlet/ServletContext]
22:28:20.134 [main] INFO org.springframework.boot.test.context.SpringBootTestContextBootstrapper - Using TestExecutionListeners: [org.springframework.test.context.support.DirtiesContextBeforeModesTestExecutionListener@41ab013, org.springframework.boot.test.mock.mockito.MockitoTestExecutionListener@14bee915, org.springframework.boot.test.autoconfigure.SpringBootDependencyInjectionTestExecutionListener@1115ec15, org.springframework.test.context.support.DirtiesContextTestExecutionListener@82ea68c, org.springframework.test.context.transaction.TransactionalTestExecutionListener@59e505b2, org.springframework.test.context.jdbc.SqlScriptsTestExecutionListener@3af0a9da, org.springframework.boot.test.mock.mockito.ResetMocksTestExecutionListener@43b9fd5, org.springframework.boot.test.autoconfigure.restdocs.RestDocsTestExecutionListener@79dc5318, org.springframework.boot.test.autoconfigure.web.client.MockRestServiceServerResetTestExecutionListener@8e50104, org.springframework.boot.test.autoconfigure.web.servlet.MockMvcPrintOnlyOnFailureTestExecutionListener@37e4d7bb, org.springframework.boot.test.autoconfigure.web.servlet.WebDriverTestExecutionListener@6f7923a5]
22:28:20.141 [main] DEBUG org.springframework.test.annotation.ProfileValueUtils - Retrieved @ProfileValueSourceConfiguration [null] for test class [com.pue.customer.CustomerApplicationTests]
22:28:20.142 [main] DEBUG org.springframework.test.annotation.ProfileValueUtils - Retrieved ProfileValueSource type [class org.springframework.test.annotation.SystemProfileValueSource] for class [com.pue.customer.CustomerApplicationTests]
22:28:20.144 [main] DEBUG org.springframework.test.annotation.ProfileValueUtils - Retrieved @ProfileValueSourceConfiguration [null] for test class [com.pue.customer.CustomerApplicationTests]
22:28:20.146 [main] DEBUG org.springframework.test.annotation.ProfileValueUtils - Retrieved ProfileValueSource type [class org.springframework.test.annotation.SystemProfileValueSource] for class [com.pue.customer.CustomerApplicationTests]
22:28:20.149 [main] DEBUG org.springframework.test.annotation.ProfileValueUtils - Retrieved @ProfileValueSourceConfiguration [null] for test class [com.pue.customer.CustomerApplicationTests]
22:28:20.150 [main] DEBUG org.springframework.test.annotation.ProfileValueUtils - Retrieved ProfileValueSource type [class org.springframework.test.annotation.SystemProfileValueSource] for class [com.pue.customer.CustomerApplicationTests]
22:28:20.166 [main] DEBUG org.springframework.test.context.support.AbstractDirtiesContextTestExecutionListener - Before test class: context [DefaultTestContext@36b4091c testClass = CustomerApplicationTests, testInstance = [null], testMethod = [null], testException = [null], mergedContextConfiguration = [MergedContextConfiguration@4671115f testClass = CustomerApplicationTests, locations = '{}', classes = '{class com.pue.customer.CustomerApplication}', contextInitializerClasses = '[]', activeProfiles = '{}', propertySourceLocations = '{}', propertySourceProperties = '{org.springframework.boot.test.context.SpringBootTestContextBootstrapper=true}', contextCustomizers = set[org.springframework.boot.test.context.filter.ExcludeFilterContextCustomizer@2cd2a21f, org.springframework.boot.test.json.DuplicateJsonObjectContextCustomizerFactory$DuplicateJsonObjectContextCustomizer@e7edb54, org.springframework.boot.test.mock.mockito.MockitoContextCustomizer@0, org.springframework.boot.test.web.client.TestRestTemplateContextCustomizer@cad498c, org.springframework.boot.test.autoconfigure.properties.PropertyMappingContextCustomizer@0, org.springframework.boot.test.autoconfigure.web.servlet.WebDriverContextCustomizerFactory$Customizer@2fd1433e], contextLoader = 'org.springframework.boot.test.context.SpringBootContextLoader', parent = [null]], attributes = map[[empty]]], class annotated with @DirtiesContext [false] with mode [null].
22:28:20.168 [main] DEBUG org.springframework.test.annotation.ProfileValueUtils - Retrieved @ProfileValueSourceConfiguration [null] for test class [com.pue.customer.CustomerApplicationTests]
22:28:20.168 [main] DEBUG org.springframework.test.annotation.ProfileValueUtils - Retrieved ProfileValueSource type [class org.springframework.test.annotation.SystemProfileValueSource] for class [com.pue.customer.CustomerApplicationTests]
22:28:20.175 [main] DEBUG org.springframework.test.context.support.DependencyInjectionTestExecutionListener - Performing dependency injection for test context [[DefaultTestContext@36b4091c testClass = CustomerApplicationTests, testInstance = com.pue.customer.CustomerApplicationTests@1339e7aa, testMethod = [null], testException = [null], mergedContextConfiguration = [MergedContextConfiguration@4671115f testClass = CustomerApplicationTests, locations = '{}', classes = '{class com.pue.customer.CustomerApplication}', contextInitializerClasses = '[]', activeProfiles = '{}', propertySourceLocations = '{}', propertySourceProperties = '{org.springframework.boot.test.context.SpringBootTestContextBootstrapper=true}', contextCustomizers = set[org.springframework.boot.test.context.filter.ExcludeFilterContextCustomizer@2cd2a21f, org.springframework.boot.test.json.DuplicateJsonObjectContextCustomizerFactory$DuplicateJsonObjectContextCustomizer@e7edb54, org.springframework.boot.test.mock.mockito.MockitoContextCustomizer@0, org.springframework.boot.test.web.client.TestRestTemplateContextCustomizer@cad498c, org.springframework.boot.test.autoconfigure.properties.PropertyMappingContextCustomizer@0, org.springframework.boot.test.autoconfigure.web.servlet.WebDriverContextCustomizerFactory$Customizer@2fd1433e], contextLoader = 'org.springframework.boot.test.context.SpringBootContextLoader', parent = [null]], attributes = map[[empty]]]].
22:28:20.193 [main] DEBUG org.springframework.core.env.StandardEnvironment - Adding PropertySource 'systemProperties' with lowest search precedence
22:28:20.193 [main] DEBUG org.springframework.core.env.StandardEnvironment - Adding PropertySource 'systemEnvironment' with lowest search precedence
22:28:20.194 [main] DEBUG org.springframework.core.env.StandardEnvironment - Initialized StandardEnvironment with PropertySources [MapPropertySource@166454155 {name='systemProperties', properties={sun.desktop=gnome, awt.toolkit=sun.awt.X11.XToolkit, java.specification.version=9, file.encoding.pkg=sun.io, sun.cpu.isalist=, sun.jnu.encoding=UTF-8, java.class.path=/home/lidi/Dev_Lidiane/customer/target/test-classes:/home/lidi/Dev_Lidiane/customer/target/classes:/home/lidi/.m2/repository/org/springframework/boot/spring-boot-starter-data-mongodb/2.0.1.RELEASE/spring-boot-starter-data-mongodb-2.0.1.RELEASE.jar:/home/lidi/.m2/repository/org/springframework/boot/spring-boot-starter/2.0.1.RELEASE/spring-boot-starter-2.0.1.RELEASE.jar:/home/lidi/.m2/repository/org/springframework/boot/spring-boot/2.0.1.RELEASE/spring-boot-2.0.1.RELEASE.jar:/home/lidi/.m2/repository/org/springframework/boot/spring-boot-autoconfigure/2.0.1.RELEASE/spring-boot-autoconfigure-2.0.1.RELEASE.jar:/home/lidi/.m2/repository/org/springframework/boot/spring-boot-starter-logging/2.0.1.RELEASE/spring-boot-starter-logging-2.0.1.RELEASE.jar:/home/lidi/.m2/repository/ch/qos/logback/logback-classic/1.2.3/logback-classic-1.2.3.jar:/home/lidi/.m2/repository/ch/qos/logback/logback-core/1.2.3/logback-core-1.2.3.jar:/home/lidi/.m2/repository/org/apache/logging/log4j/log4j-to-slf4j/2.10.0/log4j-to-slf4j-2.10.0.jar:/home/lidi/.m2/repository/org/apache/logging/log4j/log4j-api/2.10.0/log4j-api-2.10.0.jar:/home/lidi/.m2/repository/org/slf4j/jul-to-slf4j/1.7.25/jul-to-slf4j-1.7.25.jar:/home/lidi/.m2/repository/javax/annotation/javax.annotation-api/1.3.2/javax.annotation-api-1.3.2.jar:/home/lidi/.m2/repository/org/yaml/snakeyaml/1.19/snakeyaml-1.19.jar:/home/lidi/.m2/repository/org/mongodb/mongodb-driver/3.6.3/mongodb-driver-3.6.3.jar:/home/lidi/.m2/repository/org/mongodb/bson/3.6.3/bson-3.6.3.jar:/home/lidi/.m2/repository/org/mongodb/mongodb-driver-core/3.6.3/mongodb-driver-core-3.6.3.jar:/home/lidi/.m2/repository/org/springframework/data/spring-data-mongodb/2.0.6.RELEASE/spring-data-mongodb-2.0.6.RELEASE.jar:/home/lidi/.m2/repository/org/springframework/spring-tx/5.0.5.RELEASE/spring-tx-5.0.5.RELEASE.jar:/home/lidi/.m2/repository/org/springframework/spring-context/5.0.5.RELEASE/spring-context-5.0.5.RELEASE.jar:/home/lidi/.m2/repository/org/springframework/spring-aop/5.0.5.RELEASE/spring-aop-5.0.5.RELEASE.jar:/home/lidi/.m2/repository/org/springframework/spring-beans/5.0.5.RELEASE/spring-beans-5.0.5.RELEASE.jar:/home/lidi/.m2/repository/org/springframework/spring-expression/5.0.5.RELEASE/spring-expression-5.0.5.RELEASE.jar:/home/lidi/.m2/repository/org/springframework/data/spring-data-commons/2.0.6.RELEASE/spring-data-commons-2.0.6.RELEASE.jar:/home/lidi/.m2/repository/org/slf4j/slf4j-api/1.7.25/slf4j-api-1.7.25.jar:/home/lidi/.m2/repository/org/springframework/boot/spring-boot-starter-test/2.0.1.RELEASE/spring-boot-starter-test-2.0.1.RELEASE.jar:/home/lidi/.m2/repository/org/springframework/boot/spring-boot-test/2.0.1.RELEASE/spring-boot-test-2.0.1.RELEASE.jar:/home/lidi/.m2/repository/org/springframework/boot/spring-boot-test-autoconfigure/2.0.1.RELEASE/spring-boot-test-autoconfigure-2.0.1.RELEASE.jar:/home/lidi/.m2/repository/com/jayway/jsonpath/json-path/2.4.0/json-path-2.4.0.jar:/home/lidi/.m2/repository/net/minidev/json-smart/2.3/json-smart-2.3.jar:/home/lidi/.m2/repository/net/minidev/accessors-smart/1.2/accessors-smart-1.2.jar:/home/lidi/.m2/repository/org/ow2/asm/asm/5.0.4/asm-5.0.4.jar:/home/lidi/.m2/repository/junit/junit/4.12/junit-4.12.jar:/home/lidi/.m2/repository/org/assertj/assertj-core/3.9.1/assertj-core-3.9.1.jar:/home/lidi/.m2/repository/org/mockito/mockito-core/2.15.0/mockito-core-2.15.0.jar:/home/lidi/.m2/repository/net/bytebuddy/byte-buddy/1.7.11/byte-buddy-1.7.11.jar:/home/lidi/.m2/repository/net/bytebuddy/byte-buddy-agent/1.7.11/byte-buddy-agent-1.7.11.jar:/home/lidi/.m2/repository/org/objenesis/objenesis/2.6/objenesis-2.6.jar:/home/lidi/.m2/repository/org/hamcrest/hamcrest-core/1.3/hamcrest-core-1.3.jar:/home/lidi/.m2/repository/org/hamcrest/hamcrest-library/1.3/hamcrest-library-1.3.jar:/home/lidi/.m2/repository/org/skyscreamer/jsonassert/1.5.0/jsonassert-1.5.0.jar:/home/lidi/.m2/repository/com/vaadin/external/google/android-json/0.0.20131108.vaadin1/android-json-0.0.20131108.vaadin1.jar:/home/lidi/.m2/repository/org/springframework/spring-core/5.0.5.RELEASE/spring-core-5.0.5.RELEASE.jar:/home/lidi/.m2/repository/org/springframework/spring-jcl/5.0.5.RELEASE/spring-jcl-5.0.5.RELEASE.jar:/home/lidi/.m2/repository/org/springframework/spring-test/5.0.5.RELEASE/spring-test-5.0.5.RELEASE.jar:/home/lidi/.m2/repository/org/xmlunit/xmlunit-core/2.5.1/xmlunit-core-2.5.1.jar:, java.vm.vendor=Oracle Corporation, sun.arch.data.model=64, java.vendor.url=http://java.oracle.com/, user.timezone=Europe/Madrid, os.name=Linux, java.vm.specification.version=9, sun.java.launcher=SUN_STANDARD, user.country=US, sun.boot.library.path=/opt/jdk-9/lib, sun.java.command=/home/lidi/Dev_Lidiane/customer/target/surefire/surefirebooter10060763395950392044.jar /home/lidi/Dev_Lidiane/customer/target/surefire 2018-04-11T22-28-16_575-jvmRun1 surefire12148296886428898171tmp surefire_03275288833838231585tmp, jdk.debug=release, surefire.test.class.path=/home/lidi/Dev_Lidiane/customer/target/test-classes:/home/lidi/Dev_Lidiane/customer/target/classes:/home/lidi/.m2/repository/org/springframework/boot/spring-boot-starter-data-mongodb/2.0.1.RELEASE/spring-boot-starter-data-mongodb-2.0.1.RELEASE.jar:/home/lidi/.m2/repository/org/springframework/boot/spring-boot-starter/2.0.1.RELEASE/spring-boot-starter-2.0.1.RELEASE.jar:/home/lidi/.m2/repository/org/springframework/boot/spring-boot/2.0.1.RELEASE/spring-boot-2.0.1.RELEASE.jar:/home/lidi/.m2/repository/org/springframework/boot/spring-boot-autoconfigure/2.0.1.RELEASE/spring-boot-autoconfigure-2.0.1.RELEASE.jar:/home/lidi/.m2/repository/org/springframework/boot/spring-boot-starter-logging/2.0.1.RELEASE/spring-boot-starter-logging-2.0.1.RELEASE.jar:/home/lidi/.m2/repository/ch/qos/logback/logback-classic/1.2.3/logback-classic-1.2.3.jar:/home/lidi/.m2/repository/ch/qos/logback/logback-core/1.2.3/logback-core-1.2.3.jar:/home/lidi/.m2/repository/org/apache/logging/log4j/log4j-to-slf4j/2.10.0/log4j-to-slf4j-2.10.0.jar:/home/lidi/.m2/repository/org/apache/logging/log4j/log4j-api/2.10.0/log4j-api-2.10.0.jar:/home/lidi/.m2/repository/org/slf4j/jul-to-slf4j/1.7.25/jul-to-slf4j-1.7.25.jar:/home/lidi/.m2/repository/javax/annotation/javax.annotation-api/1.3.2/javax.annotation-api-1.3.2.jar:/home/lidi/.m2/repository/org/yaml/snakeyaml/1.19/snakeyaml-1.19.jar:/home/lidi/.m2/repository/org/mongodb/mongodb-driver/3.6.3/mongodb-driver-3.6.3.jar:/home/lidi/.m2/repository/org/mongodb/bson/3.6.3/bson-3.6.3.jar:/home/lidi/.m2/repository/org/mongodb/mongodb-driver-core/3.6.3/mongodb-driver-core-3.6.3.jar:/home/lidi/.m2/repository/org/springframework/data/spring-data-mongodb/2.0.6.RELEASE/spring-data-mongodb-2.0.6.RELEASE.jar:/home/lidi/.m2/repository/org/springframework/spring-tx/5.0.5.RELEASE/spring-tx-5.0.5.RELEASE.jar:/home/lidi/.m2/repository/org/springframework/spring-context/5.0.5.RELEASE/spring-context-5.0.5.RELEASE.jar:/home/lidi/.m2/repository/org/springframework/spring-aop/5.0.5.RELEASE/spring-aop-5.0.5.RELEASE.jar:/home/lidi/.m2/repository/org/springframework/spring-beans/5.0.5.RELEASE/spring-beans-5.0.5.RELEASE.jar:/home/lidi/.m2/repository/org/springframework/spring-expression/5.0.5.RELEASE/spring-expression-5.0.5.RELEASE.jar:/home/lidi/.m2/repository/org/springframework/data/spring-data-commons/2.0.6.RELEASE/spring-data-commons-2.0.6.RELEASE.jar:/home/lidi/.m2/repository/org/slf4j/slf4j-api/1.7.25/slf4j-api-1.7.25.jar:/home/lidi/.m2/repository/org/springframework/boot/spring-boot-starter-test/2.0.1.RELEASE/spring-boot-starter-test-2.0.1.RELEASE.jar:/home/lidi/.m2/repository/org/springframework/boot/spring-boot-test/2.0.1.RELEASE/spring-boot-test-2.0.1.RELEASE.jar:/home/lidi/.m2/repository/org/springframework/boot/spring-boot-test-autoconfigure/2.0.1.RELEASE/spring-boot-test-autoconfigure-2.0.1.RELEASE.jar:/home/lidi/.m2/repository/com/jayway/jsonpath/json-path/2.4.0/json-path-2.4.0.jar:/home/lidi/.m2/repository/net/minidev/json-smart/2.3/json-smart-2.3.jar:/home/lidi/.m2/repository/net/minidev/accessors-smart/1.2/accessors-smart-1.2.jar:/home/lidi/.m2/repository/org/ow2/asm/asm/5.0.4/asm-5.0.4.jar:/home/lidi/.m2/repository/junit/junit/4.12/junit-4.12.jar:/home/lidi/.m2/repository/org/assertj/assertj-core/3.9.1/assertj-core-3.9.1.jar:/home/lidi/.m2/repository/org/mockito/mockito-core/2.15.0/mockito-core-2.15.0.jar:/home/lidi/.m2/repository/net/bytebuddy/byte-buddy/1.7.11/byte-buddy-1.7.11.jar:/home/lidi/.m2/repository/net/bytebuddy/byte-buddy-agent/1.7.11/byte-buddy-agent-1.7.11.jar:/home/lidi/.m2/repository/org/objenesis/objenesis/2.6/objenesis-2.6.jar:/home/lidi/.m2/repository/org/hamcrest/hamcrest-core/1.3/hamcrest-core-1.3.jar:/home/lidi/.m2/repository/org/hamcrest/hamcrest-library/1.3/hamcrest-library-1.3.jar:/home/lidi/.m2/repository/org/skyscreamer/jsonassert/1.5.0/jsonassert-1.5.0.jar:/home/lidi/.m2/repository/com/vaadin/external/google/android-json/0.0.20131108.vaadin1/android-json-0.0.20131108.vaadin1.jar:/home/lidi/.m2/repository/org/springframework/spring-core/5.0.5.RELEASE/spring-core-5.0.5.RELEASE.jar:/home/lidi/.m2/repository/org/springframework/spring-jcl/5.0.5.RELEASE/spring-jcl-5.0.5.RELEASE.jar:/home/lidi/.m2/repository/org/springframework/spring-test/5.0.5.RELEASE/spring-test-5.0.5.RELEASE.jar:/home/lidi/.m2/repository/org/xmlunit/xmlunit-core/2.5.1/xmlunit-core-2.5.1.jar:, sun.cpu.endian=little, user.home=/home/lidi, user.language=en, java.specification.vendor=Oracle Corporation, java.home=/opt/jdk-9, file.separator=/, basedir=/home/lidi/Dev_Lidiane/customer, java.vm.compressedOopsMode=32-bit, line.separator=
, java.vm.specification.vendor=Oracle Corporation, java.specification.name=Java Platform API Specification, java.awt.graphicsenv=sun.awt.X11GraphicsEnvironment, surefire.real.class.path=/home/lidi/Dev_Lidiane/customer/target/surefire/surefirebooter10060763395950392044.jar, sun.management.compiler=HotSpot 64-Bit Tiered Compilers, java.runtime.version=9+181, user.name=lidi, path.separator=:, os.version=4.9.0-3-amd64, java.runtime.name=Java(TM) SE Runtime Environment, file.encoding=UTF-8, java.vm.name=Java HotSpot(TM) 64-Bit Server VM, localRepository=/home/lidi/.m2/repository, java.vendor.url.bug=http://bugreport.java.com/bugreport/, java.io.tmpdir=/tmp, idea.version=2017.2.5, java.version=9, user.dir=/home/lidi/Dev_Lidiane/customer, os.arch=amd64, java.vm.specification.name=Java Virtual Machine Specification, java.awt.printerjob=sun.print.PSPrinterJob, sun.os.patch.level=unknown, java.library.path=/home/fernando/dev/idea-IC-172.4343.14/bin::/usr/java/packages/lib:/usr/lib64:/lib64:/lib:/usr/lib, java.vm.info=mixed mode, java.vendor=Oracle Corporation, java.vm.version=9+181, sun.io.unicode.encoding=UnicodeLittle, java.class.version=53.0}}, SystemEnvironmentPropertySource@1260634890 {name='systemEnvironment', properties={PATH=/usr/local/bin:/usr/bin:/bin:/usr/local/games:/usr/games, XAUTHORITY=/home/lidi/.Xauthority, XDG_DATA_DIRS=/usr/share/gnome:/usr/local/share/:/usr/share/, GDMSESSION=lightdm-xsession, JAVA_HOME=/usr/lib/jvm/java-8-openjdk-amd64/jre/bin/java, LANG=en_US.UTF-8, DBUS_SESSION_BUS_ADDRESS=unix:path=/run/user/1001/bus, XDG_SEAT_PATH=/org/freedesktop/DisplayManager/Seat0, XDG_SESSION_ID=2, XDG_SESSION_TYPE=x11, XDG_CURRENT_DESKTOP=X-Cinnamon, DISPLAY=:0, SSH_AGENT_PID=1308, LD_LIBRARY_PATH=/home/fernando/dev/idea-IC-172.4343.14/bin:, SESSION_MANAGER=local/debian:@/tmp/.ICE-unix/1273,unix/debian:/tmp/.ICE-unix/1273, QT_LINUX_ACCESSIBILITY_ALWAYS_ON=1, LOGNAME=lidi, PWD=/home/lidi/Dev_Lidiane/customer, CINNAMON_VERSION=3.2.7, LANGUAGE=en_US:en, GJS_DEBUG_TOPICS=JS ERROR;JS LOG, SHELL=/bin/bash, GDM_LANG=en_US.utf8, XDG_GREETER_DATA_DIR=/var/lib/lightdm/data/lidi, GIO_LAUNCHED_DESKTOP_FILE=/home/lidi/.local/share/applications/jetbrains-idea-ce.desktop, GPG_AGENT_INFO=/run/user/1001/gnupg/S.gpg-agent:0:1, DESKTOP_SESSION=lightdm-xsession, OLDPWD=/home/lidi/Dev_Lidiane/customer, USER=lidi, GIO_LAUNCHED_DESKTOP_FILE_PID=17443, QT_ACCESSIBILITY=1, GJS_DEBUG_OUTPUT=stderr, GNOME_DESKTOP_SESSION_ID=this-is-deprecated, SSH_AUTH_SOCK=/run/user/1001/keyring/ssh, GTK_MODULES=gail:atk-bridge, XDG_SEAT=seat0, GTK_OVERLAY_SCROLLING=0, XDG_SESSION_PATH=/org/freedesktop/DisplayManager/Session0, QT_QPA_PLATFORMTHEME=gtk2, XDG_VTNR=7, XDG_SESSION_DESKTOP=lightdm-xsession, XDG_RUNTIME_DIR=/run/user/1001, HOME=/home/lidi}}]
22:28:20.198 [main] DEBUG org.springframework.test.context.support.TestPropertySourceUtils - Adding inlined properties to environment: {spring.jmx.enabled=false, org.springframework.boot.test.context.SpringBootTestContextBootstrapper=true, server.port=-1}
22:28:20.199 [main] DEBUG org.springframework.core.env.StandardEnvironment - Adding PropertySource 'Inlined Test Properties' with highest search precedence

  .   ____          _            __ _ _
 /\\ / ___'_ __ _ _(_)_ __  __ _ \ \ \ \
( ( )\___ | '_ | '_| | '_ \/ _` | \ \ \ \
 \\/  ___)| |_)| | | | | || (_| |  ) ) ) )
  '  |____| .__|_| |_|_| |_\__, | / / / /
 =========|_|==============|___/=/_/_/_/
 :: Spring Boot ::        (v2.0.1.RELEASE)

2018-04-11 22:28:20.640  INFO 17852 --- [           main] c.pue.customer.CustomerApplicationTests  : Starting CustomerApplicationTests on debian with PID 17852 (started by lidi in /home/lidi/Dev_Lidiane/customer)
2018-04-11 22:28:20.642  INFO 17852 --- [           main] c.pue.customer.CustomerApplicationTests  : No active profile set, falling back to default profiles: default
2018-04-11 22:28:20.678  INFO 17852 --- [           main] s.c.a.AnnotationConfigApplicationContext : Refreshing org.springframework.context.annotation.AnnotationConfigApplicationContext@278bb07e: startup date [Wed Apr 11 22:28:20 CEST 2018]; root of context hierarchy
2018-04-11 22:28:21.930  INFO 17852 --- [           main] org.mongodb.driver.cluster               : Cluster created with settings {hosts=[localhost:27017], mode=SINGLE, requiredClusterType=UNKNOWN, serverSelectionTimeout='30000 ms', maxWaitQueueSize=500}
2018-04-11 22:28:21.990  INFO 17852 --- [localhost:27017] org.mongodb.driver.cluster               : Exception in monitor thread while connecting to server localhost:27017

com.mongodb.MongoSocketOpenException: Exception opening socket
	at com.mongodb.connection.SocketStream.open(SocketStream.java:62) ~[mongodb-driver-core-3.6.3.jar:na]
	at com.mongodb.connection.InternalStreamConnection.open(InternalStreamConnection.java:126) ~[mongodb-driver-core-3.6.3.jar:na]
	at com.mongodb.connection.DefaultServerMonitor$ServerMonitorRunnable.run(DefaultServerMonitor.java:114) ~[mongodb-driver-core-3.6.3.jar:na]
	at java.base/java.lang.Thread.run(Thread.java:844) [na:na]
Caused by: java.net.ConnectException: Connection refused (Connection refused)
	at java.base/java.net.PlainSocketImpl.socketConnect(Native Method) ~[na:na]
	at java.base/java.net.AbstractPlainSocketImpl.doConnect(AbstractPlainSocketImpl.java:400) ~[na:na]
	at java.base/java.net.AbstractPlainSocketImpl.connectToAddress(AbstractPlainSocketImpl.java:243) ~[na:na]
	at java.base/java.net.AbstractPlainSocketImpl.connect(AbstractPlainSocketImpl.java:225) ~[na:na]
	at java.base/java.net.SocksSocketImpl.connect(SocksSocketImpl.java:402) ~[na:na]
	at java.base/java.net.Socket.connect(Socket.java:591) ~[na:na]
	at com.mongodb.connection.SocketStreamHelper.initialize(SocketStreamHelper.java:59) ~[mongodb-driver-core-3.6.3.jar:na]
	at com.mongodb.connection.SocketStream.open(SocketStream.java:57) ~[mongodb-driver-core-3.6.3.jar:na]
	... 3 common frames omitted

2018-04-11 22:28:22.664  INFO 17852 --- [           main] c.pue.customer.CustomerApplicationTests  : Started CustomerApplicationTests in 2.463 seconds (JVM running for 3.854)
2018-04-11 22:28:22.700  INFO 17852 --- [           main] org.mongodb.driver.cluster               : Cluster description not yet available. Waiting for 30000 ms before timing out
2018-04-11 22:28:52.715  INFO 17852 --- [           main] ConditionEvaluationReportLoggingListener : 

Error starting ApplicationContext. To display the conditions report re-run your application with 'debug' enabled.
2018-04-11 22:28:52.771 ERROR 17852 --- [           main] o.s.boot.SpringApplication               : Application run failed

java.lang.IllegalStateException: Failed to execute CommandLineRunner
	at org.springframework.boot.SpringApplication.callRunner(SpringApplication.java:800) ~[spring-boot-2.0.1.RELEASE.jar:2.0.1.RELEASE]
	at org.springframework.boot.SpringApplication.callRunners(SpringApplication.java:781) ~[spring-boot-2.0.1.RELEASE.jar:2.0.1.RELEASE]
	at org.springframework.boot.SpringApplication.run(SpringApplication.java:335) ~[spring-boot-2.0.1.RELEASE.jar:2.0.1.RELEASE]
	at org.springframework.boot.test.context.SpringBootContextLoader.loadContext(SpringBootContextLoader.java:138) [spring-boot-test-2.0.1.RELEASE.jar:2.0.1.RELEASE]
	at org.springframework.test.context.cache.DefaultCacheAwareContextLoaderDelegate.loadContextInternal(DefaultCacheAwareContextLoaderDelegate.java:99) [spring-test-5.0.5.RELEASE.jar:5.0.5.RELEASE]
	at org.springframework.test.context.cache.DefaultCacheAwareContextLoaderDelegate.loadContext(DefaultCacheAwareContextLoaderDelegate.java:117) [spring-test-5.0.5.RELEASE.jar:5.0.5.RELEASE]
	at org.springframework.test.context.support.DefaultTestContext.getApplicationContext(DefaultTestContext.java:108) [spring-test-5.0.5.RELEASE.jar:5.0.5.RELEASE]
	at org.springframework.test.context.support.DependencyInjectionTestExecutionListener.injectDependencies(DependencyInjectionTestExecutionListener.java:117) [spring-test-5.0.5.RELEASE.jar:5.0.5.RELEASE]
	at org.springframework.test.context.support.DependencyInjectionTestExecutionListener.prepareTestInstance(DependencyInjectionTestExecutionListener.java:83) [spring-test-5.0.5.RELEASE.jar:5.0.5.RELEASE]
	at org.springframework.boot.test.autoconfigure.SpringBootDependencyInjectionTestExecutionListener.prepareTestInstance(SpringBootDependencyInjectionTestExecutionListener.java:44) [spring-boot-test-autoconfigure-2.0.1.RELEASE.jar:2.0.1.RELEASE]
	at org.springframework.test.context.TestContextManager.prepareTestInstance(TestContextManager.java:246) [spring-test-5.0.5.RELEASE.jar:5.0.5.RELEASE]
	at org.springframework.test.context.junit4.SpringJUnit4ClassRunner.createTest(SpringJUnit4ClassRunner.java:227) [spring-test-5.0.5.RELEASE.jar:5.0.5.RELEASE]
	at org.springframework.test.context.junit4.SpringJUnit4ClassRunner$1.runReflectiveCall(SpringJUnit4ClassRunner.java:289) [spring-test-5.0.5.RELEASE.jar:5.0.5.RELEASE]
	at org.junit.internal.runners.model.ReflectiveCallable.run(ReflectiveCallable.java:12) [junit-4.12.jar:4.12]
	at org.springframework.test.context.junit4.SpringJUnit4ClassRunner.methodBlock(SpringJUnit4ClassRunner.java:291) [spring-test-5.0.5.RELEASE.jar:5.0.5.RELEASE]
	at org.springframework.test.context.junit4.SpringJUnit4ClassRunner.runChild(SpringJUnit4ClassRunner.java:246) [spring-test-5.0.5.RELEASE.jar:5.0.5.RELEASE]
	at org.springframework.test.context.junit4.SpringJUnit4ClassRunner.runChild(SpringJUnit4ClassRunner.java:97) [spring-test-5.0.5.RELEASE.jar:5.0.5.RELEASE]
	at org.junit.runners.ParentRunner$3.run(ParentRunner.java:290) [junit-4.12.jar:4.12]
	at org.junit.runners.ParentRunner$1.schedule(ParentRunner.java:71) [junit-4.12.jar:4.12]
	at org.junit.runners.ParentRunner.runChildren(ParentRunner.java:288) [junit-4.12.jar:4.12]
	at org.junit.runners.ParentRunner.access$000(ParentRunner.java:58) [junit-4.12.jar:4.12]
	at org.junit.runners.ParentRunner$2.evaluate(ParentRunner.java:268) [junit-4.12.jar:4.12]
	at org.springframework.test.context.junit4.statements.RunBeforeTestClassCallbacks.evaluate(RunBeforeTestClassCallbacks.java:61) [spring-test-5.0.5.RELEASE.jar:5.0.5.RELEASE]
	at org.springframework.test.context.junit4.statements.RunAfterTestClassCallbacks.evaluate(RunAfterTestClassCallbacks.java:70) [spring-test-5.0.5.RELEASE.jar:5.0.5.RELEASE]
	at org.junit.runners.ParentRunner.run(ParentRunner.java:363) [junit-4.12.jar:4.12]
	at org.springframework.test.context.junit4.SpringJUnit4ClassRunner.run(SpringJUnit4ClassRunner.java:190) [spring-test-5.0.5.RELEASE.jar:5.0.5.RELEASE]
	at org.apache.maven.surefire.junit4.JUnit4Provider.execute(JUnit4Provider.java:365) [surefire-junit4-2.21.0.jar:2.21.0]
	at org.apache.maven.surefire.junit4.JUnit4Provider.executeWithRerun(JUnit4Provider.java:273) [surefire-junit4-2.21.0.jar:2.21.0]
	at org.apache.maven.surefire.junit4.JUnit4Provider.executeTestSet(JUnit4Provider.java:238) [surefire-junit4-2.21.0.jar:2.21.0]
	at org.apache.maven.surefire.junit4.JUnit4Provider.invoke(JUnit4Provider.java:159) [surefire-junit4-2.21.0.jar:2.21.0]
	at org.apache.maven.surefire.booter.ForkedBooter.invokeProviderInSameClassLoader(ForkedBooter.java:379) [surefire-booter-2.21.0.jar:2.21.0]
	at org.apache.maven.surefire.booter.ForkedBooter.runSuitesInProcess(ForkedBooter.java:340) [surefire-booter-2.21.0.jar:2.21.0]
	at org.apache.maven.surefire.booter.ForkedBooter.execute(ForkedBooter.java:125) [surefire-booter-2.21.0.jar:2.21.0]
	at org.apache.maven.surefire.booter.ForkedBooter.main(ForkedBooter.java:413) [surefire-booter-2.21.0.jar:2.21.0]
Caused by: org.springframework.dao.DataAccessResourceFailureException: Timed out after 30000 ms while waiting to connect. Client view of cluster state is {type=UNKNOWN, servers=[{address=localhost:27017, type=UNKNOWN, state=CONNECTING, exception={com.mongodb.MongoSocketOpenException: Exception opening socket}, caused by {java.net.ConnectException: Connection refused (Connection refused)}}]; nested exception is com.mongodb.MongoTimeoutException: Timed out after 30000 ms while waiting to connect. Client view of cluster state is {type=UNKNOWN, servers=[{address=localhost:27017, type=UNKNOWN, state=CONNECTING, exception={com.mongodb.MongoSocketOpenException: Exception opening socket}, caused by {java.net.ConnectException: Connection refused (Connection refused)}}]
	at org.springframework.data.mongodb.core.MongoExceptionTranslator.translateExceptionIfPossible(MongoExceptionTranslator.java:87) ~[spring-data-mongodb-2.0.6.RELEASE.jar:2.0.6.RELEASE]
	at org.springframework.data.mongodb.core.MongoTemplate.potentiallyConvertRuntimeException(MongoTemplate.java:2589) ~[spring-data-mongodb-2.0.6.RELEASE.jar:2.0.6.RELEASE]
	at org.springframework.data.mongodb.core.MongoTemplate.execute(MongoTemplate.java:526) ~[spring-data-mongodb-2.0.6.RELEASE.jar:2.0.6.RELEASE]
	at org.springframework.data.mongodb.core.MongoTemplate.doRemove(MongoTemplate.java:1592) ~[spring-data-mongodb-2.0.6.RELEASE.jar:2.0.6.RELEASE]
	at org.springframework.data.mongodb.core.MongoTemplate.remove(MongoTemplate.java:1568) ~[spring-data-mongodb-2.0.6.RELEASE.jar:2.0.6.RELEASE]
	at org.springframework.data.mongodb.repository.support.SimpleMongoRepository.deleteAll(SimpleMongoRepository.java:188) ~[spring-data-mongodb-2.0.6.RELEASE.jar:2.0.6.RELEASE]
	at java.base/jdk.internal.reflect.NativeMethodAccessorImpl.invoke0(Native Method) ~[na:na]
	at java.base/jdk.internal.reflect.NativeMethodAccessorImpl.invoke(NativeMethodAccessorImpl.java:62) ~[na:na]
	at java.base/jdk.internal.reflect.DelegatingMethodAccessorImpl.invoke(DelegatingMethodAccessorImpl.java:43) ~[na:na]
	at java.base/java.lang.reflect.Method.invoke(Method.java:564) ~[na:na]
	at org.springframework.data.repository.core.support.RepositoryComposition$RepositoryFragments.invoke(RepositoryComposition.java:377) ~[spring-data-commons-2.0.6.RELEASE.jar:2.0.6.RELEASE]
	at org.springframework.data.repository.core.support.RepositoryComposition.invoke(RepositoryComposition.java:200) ~[spring-data-commons-2.0.6.RELEASE.jar:2.0.6.RELEASE]
	at org.springframework.data.repository.core.support.RepositoryFactorySupport$ImplementationMethodExecutionInterceptor.invoke(RepositoryFactorySupport.java:629) ~[spring-data-commons-2.0.6.RELEASE.jar:2.0.6.RELEASE]
	at org.springframework.aop.framework.ReflectiveMethodInvocation.proceed(ReflectiveMethodInvocation.java:185) ~[spring-aop-5.0.5.RELEASE.jar:5.0.5.RELEASE]
	at org.springframework.data.repository.core.support.RepositoryFactorySupport$QueryExecutorMethodInterceptor.doInvoke(RepositoryFactorySupport.java:593) ~[spring-data-commons-2.0.6.RELEASE.jar:2.0.6.RELEASE]
	at org.springframework.data.repository.core.support.RepositoryFactorySupport$QueryExecutorMethodInterceptor.invoke(RepositoryFactorySupport.java:578) ~[spring-data-commons-2.0.6.RELEASE.jar:2.0.6.RELEASE]
	at org.springframework.aop.framework.ReflectiveMethodInvocation.proceed(ReflectiveMethodInvocation.java:185) ~[spring-aop-5.0.5.RELEASE.jar:5.0.5.RELEASE]
	at org.springframework.data.projection.DefaultMethodInvokingMethodInterceptor.invoke(DefaultMethodInvokingMethodInterceptor.java:59) ~[spring-data-commons-2.0.6.RELEASE.jar:2.0.6.RELEASE]
	at org.springframework.aop.framework.ReflectiveMethodInvocation.proceed(ReflectiveMethodInvocation.java:185) ~[spring-aop-5.0.5.RELEASE.jar:5.0.5.RELEASE]
	at org.springframework.aop.interceptor.ExposeInvocationInterceptor.invoke(ExposeInvocationInterceptor.java:92) ~[spring-aop-5.0.5.RELEASE.jar:5.0.5.RELEASE]
	at org.springframework.aop.framework.ReflectiveMethodInvocation.proceed(ReflectiveMethodInvocation.java:185) ~[spring-aop-5.0.5.RELEASE.jar:5.0.5.RELEASE]
	at org.springframework.data.repository.core.support.SurroundingTransactionDetectorMethodInterceptor.invoke(SurroundingTransactionDetectorMethodInterceptor.java:61) ~[spring-data-commons-2.0.6.RELEASE.jar:2.0.6.RELEASE]
	at org.springframework.aop.framework.ReflectiveMethodInvocation.proceed(ReflectiveMethodInvocation.java:185) ~[spring-aop-5.0.5.RELEASE.jar:5.0.5.RELEASE]
	at org.springframework.aop.framework.JdkDynamicAopProxy.invoke(JdkDynamicAopProxy.java:212) ~[spring-aop-5.0.5.RELEASE.jar:5.0.5.RELEASE]
	at com.sun.proxy.$Proxy57.deleteAll(Unknown Source) ~[na:na]
	at com.pue.customer.CustomerApplication.run(CustomerApplication.java:22) ~[classes/:na]
	at org.springframework.boot.SpringApplication.callRunner(SpringApplication.java:797) ~[spring-boot-2.0.1.RELEASE.jar:2.0.1.RELEASE]
	... 33 common frames omitted
Caused by: com.mongodb.MongoTimeoutException: Timed out after 30000 ms while waiting to connect. Client view of cluster state is {type=UNKNOWN, servers=[{address=localhost:27017, type=UNKNOWN, state=CONNECTING, exception={com.mongodb.MongoSocketOpenException: Exception opening socket}, caused by {java.net.ConnectException: Connection refused (Connection refused)}}]
	at com.mongodb.connection.BaseCluster.getDescription(BaseCluster.java:167) ~[mongodb-driver-core-3.6.3.jar:na]
	at com.mongodb.Mongo.getConnectedClusterDescription(Mongo.java:885) ~[mongodb-driver-3.6.3.jar:na]
	at com.mongodb.Mongo.createClientSession(Mongo.java:877) ~[mongodb-driver-3.6.3.jar:na]
	at com.mongodb.Mongo$3.getClientSession(Mongo.java:866) ~[mongodb-driver-3.6.3.jar:na]
	at com.mongodb.Mongo$3.execute(Mongo.java:834) ~[mongodb-driver-3.6.3.jar:na]
	at com.mongodb.MongoCollectionImpl.executeSingleWriteRequest(MongoCollectionImpl.java:1025) ~[mongodb-driver-3.6.3.jar:na]
	at com.mongodb.MongoCollectionImpl.executeDelete(MongoCollectionImpl.java:1003) ~[mongodb-driver-3.6.3.jar:na]
	at com.mongodb.MongoCollectionImpl.deleteMany(MongoCollectionImpl.java:584) ~[mongodb-driver-3.6.3.jar:na]
	at org.springframework.data.mongodb.core.MongoTemplate$11.doInCollection(MongoTemplate.java:1630) ~[spring-data-mongodb-2.0.6.RELEASE.jar:2.0.6.RELEASE]
	at org.springframework.data.mongodb.core.MongoTemplate$11.doInCollection(MongoTemplate.java:1592) ~[spring-data-mongodb-2.0.6.RELEASE.jar:2.0.6.RELEASE]
	at org.springframework.data.mongodb.core.MongoTemplate.execute(MongoTemplate.java:524) ~[spring-data-mongodb-2.0.6.RELEASE.jar:2.0.6.RELEASE]
	... 57 common frames omitted

2018-04-11 22:28:52.796  INFO 17852 --- [           main] s.c.a.AnnotationConfigApplicationContext : Closing org.springframework.context.annotation.AnnotationConfigApplicationContext@278bb07e: startup date [Wed Apr 11 22:28:20 CEST 2018]; root of context hierarchy

  .   ____          _            __ _ _
 /\\ / ___'_ __ _ _(_)_ __  __ _ \ \ \ \
( ( )\___ | '_ | '_| | '_ \/ _` | \ \ \ \
 \\/  ___)| |_)| | | | | || (_| |  ) ) ) )
  '  |____| .__|_| |_|_| |_\__, | / / / /
 =========|_|==============|___/=/_/_/_/
 :: Spring Boot ::        (v2.0.1.RELEASE)

2018-04-11 22:28:53.000  INFO 17852 --- [           main] c.pue.customer.CustomerApplicationTests  : Starting CustomerApplicationTests on debian with PID 17852 (started by lidi in /home/lidi/Dev_Lidiane/customer)
2018-04-11 22:28:53.001  INFO 17852 --- [           main] c.pue.customer.CustomerApplicationTests  : No active profile set, falling back to default profiles: default
2018-04-11 22:28:53.009  INFO 17852 --- [           main] s.c.a.AnnotationConfigApplicationContext : Refreshing org.springframework.context.annotation.AnnotationConfigApplicationContext@7b66322e: startup date [Wed Apr 11 22:28:53 CEST 2018]; root of context hierarchy
2018-04-11 22:28:53.976  INFO 17852 --- [           main] org.mongodb.driver.cluster               : Cluster created with settings {hosts=[localhost:27017], mode=SINGLE, requiredClusterType=UNKNOWN, serverSelectionTimeout='30000 ms', maxWaitQueueSize=500}
2018-04-11 22:28:53.981  INFO 17852 --- [localhost:27017] org.mongodb.driver.cluster               : Exception in monitor thread while connecting to server localhost:27017

com.mongodb.MongoSocketOpenException: Exception opening socket
	at com.mongodb.connection.SocketStream.open(SocketStream.java:62) ~[mongodb-driver-core-3.6.3.jar:na]
	at com.mongodb.connection.InternalStreamConnection.open(InternalStreamConnection.java:126) ~[mongodb-driver-core-3.6.3.jar:na]
	at com.mongodb.connection.DefaultServerMonitor$ServerMonitorRunnable.run(DefaultServerMonitor.java:114) ~[mongodb-driver-core-3.6.3.jar:na]
	at java.base/java.lang.Thread.run(Thread.java:844) [na:na]
Caused by: java.net.ConnectException: Connection refused (Connection refused)
	at java.base/java.net.PlainSocketImpl.socketConnect(Native Method) ~[na:na]
	at java.base/java.net.AbstractPlainSocketImpl.doConnect(AbstractPlainSocketImpl.java:400) ~[na:na]
	at java.base/java.net.AbstractPlainSocketImpl.connectToAddress(AbstractPlainSocketImpl.java:243) ~[na:na]
	at java.base/java.net.AbstractPlainSocketImpl.connect(AbstractPlainSocketImpl.java:225) ~[na:na]
	at java.base/java.net.SocksSocketImpl.connect(SocksSocketImpl.java:402) ~[na:na]
	at java.base/java.net.Socket.connect(Socket.java:591) ~[na:na]
	at com.mongodb.connection.SocketStreamHelper.initialize(SocketStreamHelper.java:59) ~[mongodb-driver-core-3.6.3.jar:na]
	at com.mongodb.connection.SocketStream.open(SocketStream.java:57) ~[mongodb-driver-core-3.6.3.jar:na]
	... 3 common frames omitted

2018-04-11 22:28:54.355  INFO 17852 --- [           main] c.pue.customer.CustomerApplicationTests  : Started CustomerApplicationTests in 1.51 seconds (JVM running for 35.546)
2018-04-11 22:28:54.369  INFO 17852 --- [           main] org.mongodb.driver.cluster               : Cluster description not yet available. Waiting for 30000 ms before timing out
2018-04-11 22:29:24.370  INFO 17852 --- [           main] ConditionEvaluationReportLoggingListener : 

Error starting ApplicationContext. To display the conditions report re-run your application with 'debug' enabled.
2018-04-11 22:29:24.373 ERROR 17852 --- [           main] o.s.boot.SpringApplication               : Application run failed

java.lang.IllegalStateException: Failed to execute CommandLineRunner
	at org.springframework.boot.SpringApplication.callRunner(SpringApplication.java:800) ~[spring-boot-2.0.1.RELEASE.jar:2.0.1.RELEASE]
	at org.springframework.boot.SpringApplication.callRunners(SpringApplication.java:781) ~[spring-boot-2.0.1.RELEASE.jar:2.0.1.RELEASE]
	at org.springframework.boot.SpringApplication.run(SpringApplication.java:335) ~[spring-boot-2.0.1.RELEASE.jar:2.0.1.RELEASE]
	at org.springframework.boot.test.context.SpringBootContextLoader.loadContext(SpringBootContextLoader.java:138) [spring-boot-test-2.0.1.RELEASE.jar:2.0.1.RELEASE]
	at org.springframework.test.context.cache.DefaultCacheAwareContextLoaderDelegate.loadContextInternal(DefaultCacheAwareContextLoaderDelegate.java:99) [spring-test-5.0.5.RELEASE.jar:5.0.5.RELEASE]
	at org.springframework.test.context.cache.DefaultCacheAwareContextLoaderDelegate.loadContext(DefaultCacheAwareContextLoaderDelegate.java:117) [spring-test-5.0.5.RELEASE.jar:5.0.5.RELEASE]
	at org.springframework.test.context.support.DefaultTestContext.getApplicationContext(DefaultTestContext.java:108) [spring-test-5.0.5.RELEASE.jar:5.0.5.RELEASE]
	at org.springframework.boot.test.autoconfigure.SpringBootDependencyInjectionTestExecutionListener.outputConditionEvaluationReport(SpringBootDependencyInjectionTestExecutionListener.java:54) [spring-boot-test-autoconfigure-2.0.1.RELEASE.jar:2.0.1.RELEASE]
	at org.springframework.boot.test.autoconfigure.SpringBootDependencyInjectionTestExecutionListener.prepareTestInstance(SpringBootDependencyInjectionTestExecutionListener.java:47) [spring-boot-test-autoconfigure-2.0.1.RELEASE.jar:2.0.1.RELEASE]
	at org.springframework.test.context.TestContextManager.prepareTestInstance(TestContextManager.java:246) [spring-test-5.0.5.RELEASE.jar:5.0.5.RELEASE]
	at org.springframework.test.context.junit4.SpringJUnit4ClassRunner.createTest(SpringJUnit4ClassRunner.java:227) [spring-test-5.0.5.RELEASE.jar:5.0.5.RELEASE]
	at org.springframework.test.context.junit4.SpringJUnit4ClassRunner$1.runReflectiveCall(SpringJUnit4ClassRunner.java:289) [spring-test-5.0.5.RELEASE.jar:5.0.5.RELEASE]
	at org.junit.internal.runners.model.ReflectiveCallable.run(ReflectiveCallable.java:12) [junit-4.12.jar:4.12]
	at org.springframework.test.context.junit4.SpringJUnit4ClassRunner.methodBlock(SpringJUnit4ClassRunner.java:291) [spring-test-5.0.5.RELEASE.jar:5.0.5.RELEASE]
	at org.springframework.test.context.junit4.SpringJUnit4ClassRunner.runChild(SpringJUnit4ClassRunner.java:246) [spring-test-5.0.5.RELEASE.jar:5.0.5.RELEASE]
	at org.springframework.test.context.junit4.SpringJUnit4ClassRunner.runChild(SpringJUnit4ClassRunner.java:97) [spring-test-5.0.5.RELEASE.jar:5.0.5.RELEASE]
	at org.junit.runners.ParentRunner$3.run(ParentRunner.java:290) [junit-4.12.jar:4.12]
	at org.junit.runners.ParentRunner$1.schedule(ParentRunner.java:71) [junit-4.12.jar:4.12]
	at org.junit.runners.ParentRunner.runChildren(ParentRunner.java:288) [junit-4.12.jar:4.12]
	at org.junit.runners.ParentRunner.access$000(ParentRunner.java:58) [junit-4.12.jar:4.12]
	at org.junit.runners.ParentRunner$2.evaluate(ParentRunner.java:268) [junit-4.12.jar:4.12]
	at org.springframework.test.context.junit4.statements.RunBeforeTestClassCallbacks.evaluate(RunBeforeTestClassCallbacks.java:61) [spring-test-5.0.5.RELEASE.jar:5.0.5.RELEASE]
	at org.springframework.test.context.junit4.statements.RunAfterTestClassCallbacks.evaluate(RunAfterTestClassCallbacks.java:70) [spring-test-5.0.5.RELEASE.jar:5.0.5.RELEASE]
	at org.junit.runners.ParentRunner.run(ParentRunner.java:363) [junit-4.12.jar:4.12]
	at org.springframework.test.context.junit4.SpringJUnit4ClassRunner.run(SpringJUnit4ClassRunner.java:190) [spring-test-5.0.5.RELEASE.jar:5.0.5.RELEASE]
	at org.apache.maven.surefire.junit4.JUnit4Provider.execute(JUnit4Provider.java:365) [surefire-junit4-2.21.0.jar:2.21.0]
	at org.apache.maven.surefire.junit4.JUnit4Provider.executeWithRerun(JUnit4Provider.java:273) [surefire-junit4-2.21.0.jar:2.21.0]
	at org.apache.maven.surefire.junit4.JUnit4Provider.executeTestSet(JUnit4Provider.java:238) [surefire-junit4-2.21.0.jar:2.21.0]
	at org.apache.maven.surefire.junit4.JUnit4Provider.invoke(JUnit4Provider.java:159) [surefire-junit4-2.21.0.jar:2.21.0]
	at org.apache.maven.surefire.booter.ForkedBooter.invokeProviderInSameClassLoader(ForkedBooter.java:379) [surefire-booter-2.21.0.jar:2.21.0]
	at org.apache.maven.surefire.booter.ForkedBooter.runSuitesInProcess(ForkedBooter.java:340) [surefire-booter-2.21.0.jar:2.21.0]
	at org.apache.maven.surefire.booter.ForkedBooter.execute(ForkedBooter.java:125) [surefire-booter-2.21.0.jar:2.21.0]
	at org.apache.maven.surefire.booter.ForkedBooter.main(ForkedBooter.java:413) [surefire-booter-2.21.0.jar:2.21.0]
Caused by: org.springframework.dao.DataAccessResourceFailureException: Timed out after 30000 ms while waiting to connect. Client view of cluster state is {type=UNKNOWN, servers=[{address=localhost:27017, type=UNKNOWN, state=CONNECTING, exception={com.mongodb.MongoSocketOpenException: Exception opening socket}, caused by {java.net.ConnectException: Connection refused (Connection refused)}}]; nested exception is com.mongodb.MongoTimeoutException: Timed out after 30000 ms while waiting to connect. Client view of cluster state is {type=UNKNOWN, servers=[{address=localhost:27017, type=UNKNOWN, state=CONNECTING, exception={com.mongodb.MongoSocketOpenException: Exception opening socket}, caused by {java.net.ConnectException: Connection refused (Connection refused)}}]
	at org.springframework.data.mongodb.core.MongoExceptionTranslator.translateExceptionIfPossible(MongoExceptionTranslator.java:87) ~[spring-data-mongodb-2.0.6.RELEASE.jar:2.0.6.RELEASE]
	at org.springframework.data.mongodb.core.MongoTemplate.potentiallyConvertRuntimeException(MongoTemplate.java:2589) ~[spring-data-mongodb-2.0.6.RELEASE.jar:2.0.6.RELEASE]
	at org.springframework.data.mongodb.core.MongoTemplate.execute(MongoTemplate.java:526) ~[spring-data-mongodb-2.0.6.RELEASE.jar:2.0.6.RELEASE]
	at org.springframework.data.mongodb.core.MongoTemplate.doRemove(MongoTemplate.java:1592) ~[spring-data-mongodb-2.0.6.RELEASE.jar:2.0.6.RELEASE]
	at org.springframework.data.mongodb.core.MongoTemplate.remove(MongoTemplate.java:1568) ~[spring-data-mongodb-2.0.6.RELEASE.jar:2.0.6.RELEASE]
	at org.springframework.data.mongodb.repository.support.SimpleMongoRepository.deleteAll(SimpleMongoRepository.java:188) ~[spring-data-mongodb-2.0.6.RELEASE.jar:2.0.6.RELEASE]
	at java.base/jdk.internal.reflect.NativeMethodAccessorImpl.invoke0(Native Method) ~[na:na]
	at java.base/jdk.internal.reflect.NativeMethodAccessorImpl.invoke(NativeMethodAccessorImpl.java:62) ~[na:na]
	at java.base/jdk.internal.reflect.DelegatingMethodAccessorImpl.invoke(DelegatingMethodAccessorImpl.java:43) ~[na:na]
	at java.base/java.lang.reflect.Method.invoke(Method.java:564) ~[na:na]
	at org.springframework.data.repository.core.support.RepositoryComposition$RepositoryFragments.invoke(RepositoryComposition.java:377) ~[spring-data-commons-2.0.6.RELEASE.jar:2.0.6.RELEASE]
	at org.springframework.data.repository.core.support.RepositoryComposition.invoke(RepositoryComposition.java:200) ~[spring-data-commons-2.0.6.RELEASE.jar:2.0.6.RELEASE]
	at org.springframework.data.repository.core.support.RepositoryFactorySupport$ImplementationMethodExecutionInterceptor.invoke(RepositoryFactorySupport.java:629) ~[spring-data-commons-2.0.6.RELEASE.jar:2.0.6.RELEASE]
	at org.springframework.aop.framework.ReflectiveMethodInvocation.proceed(ReflectiveMethodInvocation.java:185) ~[spring-aop-5.0.5.RELEASE.jar:5.0.5.RELEASE]
	at org.springframework.data.repository.core.support.RepositoryFactorySupport$QueryExecutorMethodInterceptor.doInvoke(RepositoryFactorySupport.java:593) ~[spring-data-commons-2.0.6.RELEASE.jar:2.0.6.RELEASE]
	at org.springframework.data.repository.core.support.RepositoryFactorySupport$QueryExecutorMethodInterceptor.invoke(RepositoryFactorySupport.java:578) ~[spring-data-commons-2.0.6.RELEASE.jar:2.0.6.RELEASE]
	at org.springframework.aop.framework.ReflectiveMethodInvocation.proceed(ReflectiveMethodInvocation.java:185) ~[spring-aop-5.0.5.RELEASE.jar:5.0.5.RELEASE]
	at org.springframework.data.projection.DefaultMethodInvokingMethodInterceptor.invoke(DefaultMethodInvokingMethodInterceptor.java:59) ~[spring-data-commons-2.0.6.RELEASE.jar:2.0.6.RELEASE]
	at org.springframework.aop.framework.ReflectiveMethodInvocation.proceed(ReflectiveMethodInvocation.java:185) ~[spring-aop-5.0.5.RELEASE.jar:5.0.5.RELEASE]
	at org.springframework.aop.interceptor.ExposeInvocationInterceptor.invoke(ExposeInvocationInterceptor.java:92) ~[spring-aop-5.0.5.RELEASE.jar:5.0.5.RELEASE]
	at org.springframework.aop.framework.ReflectiveMethodInvocation.proceed(ReflectiveMethodInvocation.java:185) ~[spring-aop-5.0.5.RELEASE.jar:5.0.5.RELEASE]
	at org.springframework.data.repository.core.support.SurroundingTransactionDetectorMethodInterceptor.invoke(SurroundingTransactionDetectorMethodInterceptor.java:61) ~[spring-data-commons-2.0.6.RELEASE.jar:2.0.6.RELEASE]
	at org.springframework.aop.framework.ReflectiveMethodInvocation.proceed(ReflectiveMethodInvocation.java:185) ~[spring-aop-5.0.5.RELEASE.jar:5.0.5.RELEASE]
	at org.springframework.aop.framework.JdkDynamicAopProxy.invoke(JdkDynamicAopProxy.java:212) ~[spring-aop-5.0.5.RELEASE.jar:5.0.5.RELEASE]
	at com.sun.proxy.$Proxy57.deleteAll(Unknown Source) ~[na:na]
	at com.pue.customer.CustomerApplication.run(CustomerApplication.java:22) ~[classes/:na]
	at org.springframework.boot.SpringApplication.callRunner(SpringApplication.java:797) ~[spring-boot-2.0.1.RELEASE.jar:2.0.1.RELEASE]
	... 32 common frames omitted
Caused by: com.mongodb.MongoTimeoutException: Timed out after 30000 ms while waiting to connect. Client view of cluster state is {type=UNKNOWN, servers=[{address=localhost:27017, type=UNKNOWN, state=CONNECTING, exception={com.mongodb.MongoSocketOpenException: Exception opening socket}, caused by {java.net.ConnectException: Connection refused (Connection refused)}}]
	at com.mongodb.connection.BaseCluster.getDescription(BaseCluster.java:167) ~[mongodb-driver-core-3.6.3.jar:na]
	at com.mongodb.Mongo.getConnectedClusterDescription(Mongo.java:885) ~[mongodb-driver-3.6.3.jar:na]
	at com.mongodb.Mongo.createClientSession(Mongo.java:877) ~[mongodb-driver-3.6.3.jar:na]
	at com.mongodb.Mongo$3.getClientSession(Mongo.java:866) ~[mongodb-driver-3.6.3.jar:na]
	at com.mongodb.Mongo$3.execute(Mongo.java:834) ~[mongodb-driver-3.6.3.jar:na]
	at com.mongodb.MongoCollectionImpl.executeSingleWriteRequest(MongoCollectionImpl.java:1025) ~[mongodb-driver-3.6.3.jar:na]
	at com.mongodb.MongoCollectionImpl.executeDelete(MongoCollectionImpl.java:1003) ~[mongodb-driver-3.6.3.jar:na]
	at com.mongodb.MongoCollectionImpl.deleteMany(MongoCollectionImpl.java:584) ~[mongodb-driver-3.6.3.jar:na]
	at org.springframework.data.mongodb.core.MongoTemplate$11.doInCollection(MongoTemplate.java:1630) ~[spring-data-mongodb-2.0.6.RELEASE.jar:2.0.6.RELEASE]
	at org.springframework.data.mongodb.core.MongoTemplate$11.doInCollection(MongoTemplate.java:1592) ~[spring-data-mongodb-2.0.6.RELEASE.jar:2.0.6.RELEASE]
	at org.springframework.data.mongodb.core.MongoTemplate.execute(MongoTemplate.java:524) ~[spring-data-mongodb-2.0.6.RELEASE.jar:2.0.6.RELEASE]
	... 56 common frames omitted

2018-04-11 22:29:24.376  INFO 17852 --- [           main] s.c.a.AnnotationConfigApplicationContext : Closing org.springframework.context.annotation.AnnotationConfigApplicationContext@7b66322e: startup date [Wed Apr 11 22:28:53 CEST 2018]; root of context hierarchy
2018-04-11 22:29:24.381 ERROR 17852 --- [           main] o.s.test.context.TestContextManager      : Caught exception while allowing TestExecutionListener [org.springframework.boot.test.autoconfigure.SpringBootDependencyInjectionTestExecutionListener@1115ec15] to prepare test instance [com.pue.customer.CustomerApplicationTests@1339e7aa]

java.lang.IllegalStateException: Failed to load ApplicationContext
	at org.springframework.test.context.cache.DefaultCacheAwareContextLoaderDelegate.loadContext(DefaultCacheAwareContextLoaderDelegate.java:125) ~[spring-test-5.0.5.RELEASE.jar:5.0.5.RELEASE]
	at org.springframework.test.context.support.DefaultTestContext.getApplicationContext(DefaultTestContext.java:108) ~[spring-test-5.0.5.RELEASE.jar:5.0.5.RELEASE]
	at org.springframework.test.context.support.DependencyInjectionTestExecutionListener.injectDependencies(DependencyInjectionTestExecutionListener.java:117) ~[spring-test-5.0.5.RELEASE.jar:5.0.5.RELEASE]
	at org.springframework.test.context.support.DependencyInjectionTestExecutionListener.prepareTestInstance(DependencyInjectionTestExecutionListener.java:83) ~[spring-test-5.0.5.RELEASE.jar:5.0.5.RELEASE]
	at org.springframework.boot.test.autoconfigure.SpringBootDependencyInjectionTestExecutionListener.prepareTestInstance(SpringBootDependencyInjectionTestExecutionListener.java:44) ~[spring-boot-test-autoconfigure-2.0.1.RELEASE.jar:2.0.1.RELEASE]
	at org.springframework.test.context.TestContextManager.prepareTestInstance(TestContextManager.java:246) ~[spring-test-5.0.5.RELEASE.jar:5.0.5.RELEASE]
	at org.springframework.test.context.junit4.SpringJUnit4ClassRunner.createTest(SpringJUnit4ClassRunner.java:227) [spring-test-5.0.5.RELEASE.jar:5.0.5.RELEASE]
	at org.springframework.test.context.junit4.SpringJUnit4ClassRunner$1.runReflectiveCall(SpringJUnit4ClassRunner.java:289) [spring-test-5.0.5.RELEASE.jar:5.0.5.RELEASE]
	at org.junit.internal.runners.model.ReflectiveCallable.run(ReflectiveCallable.java:12) [junit-4.12.jar:4.12]
	at org.springframework.test.context.junit4.SpringJUnit4ClassRunner.methodBlock(SpringJUnit4ClassRunner.java:291) [spring-test-5.0.5.RELEASE.jar:5.0.5.RELEASE]
	at org.springframework.test.context.junit4.SpringJUnit4ClassRunner.runChild(SpringJUnit4ClassRunner.java:246) [spring-test-5.0.5.RELEASE.jar:5.0.5.RELEASE]
	at org.springframework.test.context.junit4.SpringJUnit4ClassRunner.runChild(SpringJUnit4ClassRunner.java:97) [spring-test-5.0.5.RELEASE.jar:5.0.5.RELEASE]
	at org.junit.runners.ParentRunner$3.run(ParentRunner.java:290) [junit-4.12.jar:4.12]
	at org.junit.runners.ParentRunner$1.schedule(ParentRunner.java:71) [junit-4.12.jar:4.12]
	at org.junit.runners.ParentRunner.runChildren(ParentRunner.java:288) [junit-4.12.jar:4.12]
	at org.junit.runners.ParentRunner.access$000(ParentRunner.java:58) [junit-4.12.jar:4.12]
	at org.junit.runners.ParentRunner$2.evaluate(ParentRunner.java:268) [junit-4.12.jar:4.12]
	at org.springframework.test.context.junit4.statements.RunBeforeTestClassCallbacks.evaluate(RunBeforeTestClassCallbacks.java:61) [spring-test-5.0.5.RELEASE.jar:5.0.5.RELEASE]
	at org.springframework.test.context.junit4.statements.RunAfterTestClassCallbacks.evaluate(RunAfterTestClassCallbacks.java:70) [spring-test-5.0.5.RELEASE.jar:5.0.5.RELEASE]
	at org.junit.runners.ParentRunner.run(ParentRunner.java:363) [junit-4.12.jar:4.12]
	at org.springframework.test.context.junit4.SpringJUnit4ClassRunner.run(SpringJUnit4ClassRunner.java:190) [spring-test-5.0.5.RELEASE.jar:5.0.5.RELEASE]
	at org.apache.maven.surefire.junit4.JUnit4Provider.execute(JUnit4Provider.java:365) [surefire-junit4-2.21.0.jar:2.21.0]
	at org.apache.maven.surefire.junit4.JUnit4Provider.executeWithRerun(JUnit4Provider.java:273) [surefire-junit4-2.21.0.jar:2.21.0]
	at org.apache.maven.surefire.junit4.JUnit4Provider.executeTestSet(JUnit4Provider.java:238) [surefire-junit4-2.21.0.jar:2.21.0]
	at org.apache.maven.surefire.junit4.JUnit4Provider.invoke(JUnit4Provider.java:159) [surefire-junit4-2.21.0.jar:2.21.0]
	at org.apache.maven.surefire.booter.ForkedBooter.invokeProviderInSameClassLoader(ForkedBooter.java:379) [surefire-booter-2.21.0.jar:2.21.0]
	at org.apache.maven.surefire.booter.ForkedBooter.runSuitesInProcess(ForkedBooter.java:340) [surefire-booter-2.21.0.jar:2.21.0]
	at org.apache.maven.surefire.booter.ForkedBooter.execute(ForkedBooter.java:125) [surefire-booter-2.21.0.jar:2.21.0]
	at org.apache.maven.surefire.booter.ForkedBooter.main(ForkedBooter.java:413) [surefire-booter-2.21.0.jar:2.21.0]
Caused by: java.lang.IllegalStateException: Failed to execute CommandLineRunner
	at org.springframework.boot.SpringApplication.callRunner(SpringApplication.java:800) ~[spring-boot-2.0.1.RELEASE.jar:2.0.1.RELEASE]
	at org.springframework.boot.SpringApplication.callRunners(SpringApplication.java:781) ~[spring-boot-2.0.1.RELEASE.jar:2.0.1.RELEASE]
	at org.springframework.boot.SpringApplication.run(SpringApplication.java:335) ~[spring-boot-2.0.1.RELEASE.jar:2.0.1.RELEASE]
	at org.springframework.boot.test.context.SpringBootContextLoader.loadContext(SpringBootContextLoader.java:138) ~[spring-boot-test-2.0.1.RELEASE.jar:2.0.1.RELEASE]
	at org.springframework.test.context.cache.DefaultCacheAwareContextLoaderDelegate.loadContextInternal(DefaultCacheAwareContextLoaderDelegate.java:99) ~[spring-test-5.0.5.RELEASE.jar:5.0.5.RELEASE]
	at org.springframework.test.context.cache.DefaultCacheAwareContextLoaderDelegate.loadContext(DefaultCacheAwareContextLoaderDelegate.java:117) ~[spring-test-5.0.5.RELEASE.jar:5.0.5.RELEASE]
	... 28 common frames omitted
Caused by: org.springframework.dao.DataAccessResourceFailureException: Timed out after 30000 ms while waiting to connect. Client view of cluster state is {type=UNKNOWN, servers=[{address=localhost:27017, type=UNKNOWN, state=CONNECTING, exception={com.mongodb.MongoSocketOpenException: Exception opening socket}, caused by {java.net.ConnectException: Connection refused (Connection refused)}}]; nested exception is com.mongodb.MongoTimeoutException: Timed out after 30000 ms while waiting to connect. Client view of cluster state is {type=UNKNOWN, servers=[{address=localhost:27017, type=UNKNOWN, state=CONNECTING, exception={com.mongodb.MongoSocketOpenException: Exception opening socket}, caused by {java.net.ConnectException: Connection refused (Connection refused)}}]
	at org.springframework.data.mongodb.core.MongoExceptionTranslator.translateExceptionIfPossible(MongoExceptionTranslator.java:87) ~[spring-data-mongodb-2.0.6.RELEASE.jar:2.0.6.RELEASE]
	at org.springframework.data.mongodb.core.MongoTemplate.potentiallyConvertRuntimeException(MongoTemplate.java:2589) ~[spring-data-mongodb-2.0.6.RELEASE.jar:2.0.6.RELEASE]
	at org.springframework.data.mongodb.core.MongoTemplate.execute(MongoTemplate.java:526) ~[spring-data-mongodb-2.0.6.RELEASE.jar:2.0.6.RELEASE]
	at org.springframework.data.mongodb.core.MongoTemplate.doRemove(MongoTemplate.java:1592) ~[spring-data-mongodb-2.0.6.RELEASE.jar:2.0.6.RELEASE]
	at org.springframework.data.mongodb.core.MongoTemplate.remove(MongoTemplate.java:1568) ~[spring-data-mongodb-2.0.6.RELEASE.jar:2.0.6.RELEASE]
	at org.springframework.data.mongodb.repository.support.SimpleMongoRepository.deleteAll(SimpleMongoRepository.java:188) ~[spring-data-mongodb-2.0.6.RELEASE.jar:2.0.6.RELEASE]
	at java.base/jdk.internal.reflect.NativeMethodAccessorImpl.invoke0(Native Method) ~[na:na]
	at java.base/jdk.internal.reflect.NativeMethodAccessorImpl.invoke(NativeMethodAccessorImpl.java:62) ~[na:na]
	at java.base/jdk.internal.reflect.DelegatingMethodAccessorImpl.invoke(DelegatingMethodAccessorImpl.java:43) ~[na:na]
	at java.base/java.lang.reflect.Method.invoke(Method.java:564) ~[na:na]
	at org.springframework.data.repository.core.support.RepositoryComposition$RepositoryFragments.invoke(RepositoryComposition.java:377) ~[spring-data-commons-2.0.6.RELEASE.jar:2.0.6.RELEASE]
	at org.springframework.data.repository.core.support.RepositoryComposition.invoke(RepositoryComposition.java:200) ~[spring-data-commons-2.0.6.RELEASE.jar:2.0.6.RELEASE]
	at org.springframework.data.repository.core.support.RepositoryFactorySupport$ImplementationMethodExecutionInterceptor.invoke(RepositoryFactorySupport.java:629) ~[spring-data-commons-2.0.6.RELEASE.jar:2.0.6.RELEASE]
	at org.springframework.aop.framework.ReflectiveMethodInvocation.proceed(ReflectiveMethodInvocation.java:185) ~[spring-aop-5.0.5.RELEASE.jar:5.0.5.RELEASE]
	at org.springframework.data.repository.core.support.RepositoryFactorySupport$QueryExecutorMethodInterceptor.doInvoke(RepositoryFactorySupport.java:593) ~[spring-data-commons-2.0.6.RELEASE.jar:2.0.6.RELEASE]
	at org.springframework.data.repository.core.support.RepositoryFactorySupport$QueryExecutorMethodInterceptor.invoke(RepositoryFactorySupport.java:578) ~[spring-data-commons-2.0.6.RELEASE.jar:2.0.6.RELEASE]
	at org.springframework.aop.framework.ReflectiveMethodInvocation.proceed(ReflectiveMethodInvocation.java:185) ~[spring-aop-5.0.5.RELEASE.jar:5.0.5.RELEASE]
	at org.springframework.data.projection.DefaultMethodInvokingMethodInterceptor.invoke(DefaultMethodInvokingMethodInterceptor.java:59) ~[spring-data-commons-2.0.6.RELEASE.jar:2.0.6.RELEASE]
	at org.springframework.aop.framework.ReflectiveMethodInvocation.proceed(ReflectiveMethodInvocation.java:185) ~[spring-aop-5.0.5.RELEASE.jar:5.0.5.RELEASE]
	at org.springframework.aop.interceptor.ExposeInvocationInterceptor.invoke(ExposeInvocationInterceptor.java:92) ~[spring-aop-5.0.5.RELEASE.jar:5.0.5.RELEASE]
	at org.springframework.aop.framework.ReflectiveMethodInvocation.proceed(ReflectiveMethodInvocation.java:185) ~[spring-aop-5.0.5.RELEASE.jar:5.0.5.RELEASE]
	at org.springframework.data.repository.core.support.SurroundingTransactionDetectorMethodInterceptor.invoke(SurroundingTransactionDetectorMethodInterceptor.java:61) ~[spring-data-commons-2.0.6.RELEASE.jar:2.0.6.RELEASE]
	at org.springframework.aop.framework.ReflectiveMethodInvocation.proceed(ReflectiveMethodInvocation.java:185) ~[spring-aop-5.0.5.RELEASE.jar:5.0.5.RELEASE]
	at org.springframework.aop.framework.JdkDynamicAopProxy.invoke(JdkDynamicAopProxy.java:212) ~[spring-aop-5.0.5.RELEASE.jar:5.0.5.RELEASE]
	at com.sun.proxy.$Proxy57.deleteAll(Unknown Source) ~[na:na]
	at com.pue.customer.CustomerApplication.run(CustomerApplication.java:22) ~[classes/:na]
	at org.springframework.boot.SpringApplication.callRunner(SpringApplication.java:797) ~[spring-boot-2.0.1.RELEASE.jar:2.0.1.RELEASE]
	... 33 common frames omitted
Caused by: com.mongodb.MongoTimeoutException: Timed out after 30000 ms while waiting to connect. Client view of cluster state is {type=UNKNOWN, servers=[{address=localhost:27017, type=UNKNOWN, state=CONNECTING, exception={com.mongodb.MongoSocketOpenException: Exception opening socket}, caused by {java.net.ConnectException: Connection refused (Connection refused)}}]
	at com.mongodb.connection.BaseCluster.getDescription(BaseCluster.java:167) ~[mongodb-driver-core-3.6.3.jar:na]
	at com.mongodb.Mongo.getConnectedClusterDescription(Mongo.java:885) ~[mongodb-driver-3.6.3.jar:na]
	at com.mongodb.Mongo.createClientSession(Mongo.java:877) ~[mongodb-driver-3.6.3.jar:na]
	at com.mongodb.Mongo$3.getClientSession(Mongo.java:866) ~[mongodb-driver-3.6.3.jar:na]
	at com.mongodb.Mongo$3.execute(Mongo.java:834) ~[mongodb-driver-3.6.3.jar:na]
	at com.mongodb.MongoCollectionImpl.executeSingleWriteRequest(MongoCollectionImpl.java:1025) ~[mongodb-driver-3.6.3.jar:na]
	at com.mongodb.MongoCollectionImpl.executeDelete(MongoCollectionImpl.java:1003) ~[mongodb-driver-3.6.3.jar:na]
	at com.mongodb.MongoCollectionImpl.deleteMany(MongoCollectionImpl.java:584) ~[mongodb-driver-3.6.3.jar:na]
	at org.springframework.data.mongodb.core.MongoTemplate$11.doInCollection(MongoTemplate.java:1630) ~[spring-data-mongodb-2.0.6.RELEASE.jar:2.0.6.RELEASE]
	at org.springframework.data.mongodb.core.MongoTemplate$11.doInCollection(MongoTemplate.java:1592) ~[spring-data-mongodb-2.0.6.RELEASE.jar:2.0.6.RELEASE]
	at org.springframework.data.mongodb.core.MongoTemplate.execute(MongoTemplate.java:524) ~[spring-data-mongodb-2.0.6.RELEASE.jar:2.0.6.RELEASE]
	... 57 common frames omitted

]]></system-out>
  </testcase>
</testsuite>